[2026-04-08T09:38:30.288+0000] {processor.py:161} INFO - Started process (PID=5462) to work on /opt/airflow/dags/exercice_jour1.py
[2026-04-08T09:38:30.289+0000] {processor.py:830} INFO - Processing file /opt/airflow/dags/exercice_jour1.py for tasks to queue
[2026-04-08T09:38:30.291+0000] {logging_mixin.py:188} INFO - [2026-04-08T09:38:30.291+0000] {dagbag.py:538} INFO - Filling up the DagBag from /opt/airflow/dags/exercice_jour1.py
[2026-04-08T09:38:30.295+0000] {logging_mixin.py:188} INFO - [2026-04-08T09:38:30.293+0000] {dagbag.py:348} ERROR - Failed to import: /opt/airflow/dags/exercice_jour1.py
Traceback (most recent call last):
  File "/home/airflow/.local/lib/python3.8/site-packages/airflow/models/dagbag.py", line 344, in parse
    loader.exec_module(new_module)
  File "<frozen importlib._bootstrap_external>", line 839, in exec_module
  File "<frozen importlib._bootstrap_external>", line 976, in get_code
  File "<frozen importlib._bootstrap_external>", line 906, in source_to_code
  File "<frozen importlib._bootstrap>", line 219, in _call_with_frames_removed
  File "/opt/airflow/dags/exercice_jour1.py", line 18
    start_date=datetime(2026, 1, 1),
              ^
SyntaxError: invalid syntax
[2026-04-08T09:38:30.295+0000] {processor.py:842} WARNING - No viable dags retrieved from /opt/airflow/dags/exercice_jour1.py
[2026-04-08T09:38:30.327+0000] {processor.py:183} INFO - Processing /opt/airflow/dags/exercice_jour1.py took 0.041 seconds
[2026-04-08T09:38:31.552+0000] {processor.py:161} INFO - Started process (PID=5468) to work on /opt/airflow/dags/exercice_jour1.py
[2026-04-08T09:38:31.553+0000] {processor.py:830} INFO - Processing file /opt/airflow/dags/exercice_jour1.py for tasks to queue
[2026-04-08T09:38:31.554+0000] {logging_mixin.py:188} INFO - [2026-04-08T09:38:31.554+0000] {dagbag.py:538} INFO - Filling up the DagBag from /opt/airflow/dags/exercice_jour1.py
[2026-04-08T09:38:31.557+0000] {logging_mixin.py:188} INFO - [2026-04-08T09:38:31.556+0000] {dagbag.py:348} ERROR - Failed to import: /opt/airflow/dags/exercice_jour1.py
Traceback (most recent call last):
  File "/home/airflow/.local/lib/python3.8/site-packages/airflow/models/dagbag.py", line 344, in parse
    loader.exec_module(new_module)
  File "<frozen importlib._bootstrap_external>", line 839, in exec_module
  File "<frozen importlib._bootstrap_external>", line 976, in get_code
  File "<frozen importlib._bootstrap_external>", line 906, in source_to_code
  File "<frozen importlib._bootstrap>", line 219, in _call_with_frames_removed
  File "/opt/airflow/dags/exercice_jour1.py", line 18
    start_date=datetime(2026, 1, 1),
              ^
SyntaxError: invalid syntax
[2026-04-08T09:38:31.557+0000] {processor.py:842} WARNING - No viable dags retrieved from /opt/airflow/dags/exercice_jour1.py
[2026-04-08T09:38:31.572+0000] {processor.py:183} INFO - Processing /opt/airflow/dags/exercice_jour1.py took 0.024 seconds
[2026-04-08T09:38:37.433+0000] {processor.py:161} INFO - Started process (PID=5491) to work on /opt/airflow/dags/exercice_jour1.py
[2026-04-08T09:38:37.433+0000] {processor.py:830} INFO - Processing file /opt/airflow/dags/exercice_jour1.py for tasks to queue
[2026-04-08T09:38:37.434+0000] {logging_mixin.py:188} INFO - [2026-04-08T09:38:37.434+0000] {dagbag.py:538} INFO - Filling up the DagBag from /opt/airflow/dags/exercice_jour1.py
[2026-04-08T09:38:37.436+0000] {logging_mixin.py:188} INFO - [2026-04-08T09:38:37.436+0000] {dagbag.py:348} ERROR - Failed to import: /opt/airflow/dags/exercice_jour1.py
Traceback (most recent call last):
  File "/home/airflow/.local/lib/python3.8/site-packages/airflow/models/dagbag.py", line 344, in parse
    loader.exec_module(new_module)
  File "<frozen importlib._bootstrap_external>", line 839, in exec_module
  File "<frozen importlib._bootstrap_external>", line 976, in get_code
  File "<frozen importlib._bootstrap_external>", line 906, in source_to_code
  File "<frozen importlib._bootstrap>", line 219, in _call_with_frames_removed
  File "/opt/airflow/dags/exercice_jour1.py", line 18
    start_date=datetime(2026, 1, 1),
    ^
SyntaxError: invalid syntax
[2026-04-08T09:38:37.436+0000] {processor.py:842} WARNING - No viable dags retrieved from /opt/airflow/dags/exercice_jour1.py
[2026-04-08T09:38:37.449+0000] {processor.py:183} INFO - Processing /opt/airflow/dags/exercice_jour1.py took 0.019 seconds
[2026-04-08T09:38:38.466+0000] {processor.py:161} INFO - Started process (PID=5492) to work on /opt/airflow/dags/exercice_jour1.py
[2026-04-08T09:38:38.467+0000] {processor.py:830} INFO - Processing file /opt/airflow/dags/exercice_jour1.py for tasks to queue
[2026-04-08T09:38:38.469+0000] {logging_mixin.py:188} INFO - [2026-04-08T09:38:38.469+0000] {dagbag.py:538} INFO - Filling up the DagBag from /opt/airflow/dags/exercice_jour1.py
[2026-04-08T09:38:38.471+0000] {logging_mixin.py:188} INFO - [2026-04-08T09:38:38.470+0000] {dagbag.py:348} ERROR - Failed to import: /opt/airflow/dags/exercice_jour1.py
Traceback (most recent call last):
  File "/home/airflow/.local/lib/python3.8/site-packages/airflow/models/dagbag.py", line 344, in parse
    loader.exec_module(new_module)
  File "<frozen importlib._bootstrap_external>", line 839, in exec_module
  File "<frozen importlib._bootstrap_external>", line 976, in get_code
  File "<frozen importlib._bootstrap_external>", line 906, in source_to_code
  File "<frozen importlib._bootstrap>", line 219, in _call_with_frames_removed
  File "/opt/airflow/dags/exercice_jour1.py", line 17
    schedule_interval="
                      ^
SyntaxError: EOL while scanning string literal
[2026-04-08T09:38:38.471+0000] {processor.py:842} WARNING - No viable dags retrieved from /opt/airflow/dags/exercice_jour1.py
[2026-04-08T09:38:38.485+0000] {processor.py:183} INFO - Processing /opt/airflow/dags/exercice_jour1.py took 0.023 seconds
[2026-04-08T09:38:42.772+0000] {processor.py:161} INFO - Started process (PID=5504) to work on /opt/airflow/dags/exercice_jour1.py
[2026-04-08T09:38:42.773+0000] {processor.py:830} INFO - Processing file /opt/airflow/dags/exercice_jour1.py for tasks to queue
[2026-04-08T09:38:42.775+0000] {logging_mixin.py:188} INFO - [2026-04-08T09:38:42.774+0000] {dagbag.py:538} INFO - Filling up the DagBag from /opt/airflow/dags/exercice_jour1.py
[2026-04-08T09:38:42.778+0000] {logging_mixin.py:188} INFO - [2026-04-08T09:38:42.777+0000] {dagbag.py:348} ERROR - Failed to import: /opt/airflow/dags/exercice_jour1.py
Traceback (most recent call last):
  File "/home/airflow/.local/lib/python3.8/site-packages/airflow/models/dagbag.py", line 344, in parse
    loader.exec_module(new_module)
  File "<frozen importlib._bootstrap_external>", line 839, in exec_module
  File "<frozen importlib._bootstrap_external>", line 976, in get_code
  File "<frozen importlib._bootstrap_external>", line 906, in source_to_code
  File "<frozen importlib._bootstrap>", line 219, in _call_with_frames_removed
  File "/opt/airflow/dags/exercice_jour1.py", line 19
    schedule_interval="
                      ^
SyntaxError: EOL while scanning string literal
[2026-04-08T09:38:42.778+0000] {processor.py:842} WARNING - No viable dags retrieved from /opt/airflow/dags/exercice_jour1.py
[2026-04-08T09:38:42.809+0000] {processor.py:183} INFO - Processing /opt/airflow/dags/exercice_jour1.py took 0.040 seconds
[2026-04-08T09:38:47.804+0000] {processor.py:161} INFO - Started process (PID=5511) to work on /opt/airflow/dags/exercice_jour1.py
[2026-04-08T09:38:47.805+0000] {processor.py:830} INFO - Processing file /opt/airflow/dags/exercice_jour1.py for tasks to queue
[2026-04-08T09:38:47.807+0000] {logging_mixin.py:188} INFO - [2026-04-08T09:38:47.806+0000] {dagbag.py:538} INFO - Filling up the DagBag from /opt/airflow/dags/exercice_jour1.py
[2026-04-08T09:38:47.808+0000] {logging_mixin.py:188} INFO - [2026-04-08T09:38:47.808+0000] {dagbag.py:348} ERROR - Failed to import: /opt/airflow/dags/exercice_jour1.py
Traceback (most recent call last):
  File "/home/airflow/.local/lib/python3.8/site-packages/airflow/models/dagbag.py", line 344, in parse
    loader.exec_module(new_module)
  File "<frozen importlib._bootstrap_external>", line 839, in exec_module
  File "<frozen importlib._bootstrap_external>", line 976, in get_code
  File "<frozen importlib._bootstrap_external>", line 906, in source_to_code
  File "<frozen importlib._bootstrap>", line 219, in _call_with_frames_removed
  File "/opt/airflow/dags/exercice_jour1.py", line 19
    schedule_interval="
                      ^
SyntaxError: EOL while scanning string literal
[2026-04-08T09:38:47.809+0000] {processor.py:842} WARNING - No viable dags retrieved from /opt/airflow/dags/exercice_jour1.py
[2026-04-08T09:38:47.821+0000] {processor.py:183} INFO - Processing /opt/airflow/dags/exercice_jour1.py took 0.019 seconds
[2026-04-08T09:38:53.849+0000] {processor.py:161} INFO - Started process (PID=5512) to work on /opt/airflow/dags/exercice_jour1.py
[2026-04-08T09:38:53.849+0000] {processor.py:830} INFO - Processing file /opt/airflow/dags/exercice_jour1.py for tasks to queue
[2026-04-08T09:38:53.851+0000] {logging_mixin.py:188} INFO - [2026-04-08T09:38:53.851+0000] {dagbag.py:538} INFO - Filling up the DagBag from /opt/airflow/dags/exercice_jour1.py
[2026-04-08T09:38:53.853+0000] {logging_mixin.py:188} INFO - [2026-04-08T09:38:53.853+0000] {dagbag.py:348} ERROR - Failed to import: /opt/airflow/dags/exercice_jour1.py
Traceback (most recent call last):
  File "/home/airflow/.local/lib/python3.8/site-packages/airflow/models/dagbag.py", line 344, in parse
    loader.exec_module(new_module)
  File "<frozen importlib._bootstrap_external>", line 839, in exec_module
  File "<frozen importlib._bootstrap_external>", line 976, in get_code
  File "<frozen importlib._bootstrap_external>", line 906, in source_to_code
  File "<frozen importlib._bootstrap>", line 219, in _call_with_frames_removed
  File "/opt/airflow/dags/exercice_jour1.py", line 19
    schedule_interval="
                      ^
SyntaxError: EOL while scanning string literal
[2026-04-08T09:38:53.854+0000] {processor.py:842} WARNING - No viable dags retrieved from /opt/airflow/dags/exercice_jour1.py
[2026-04-08T09:38:53.868+0000] {processor.py:183} INFO - Processing /opt/airflow/dags/exercice_jour1.py took 0.022 seconds
[2026-04-08T09:38:55.890+0000] {processor.py:161} INFO - Started process (PID=5513) to work on /opt/airflow/dags/exercice_jour1.py
[2026-04-08T09:38:55.890+0000] {processor.py:830} INFO - Processing file /opt/airflow/dags/exercice_jour1.py for tasks to queue
[2026-04-08T09:38:55.892+0000] {logging_mixin.py:188} INFO - [2026-04-08T09:38:55.891+0000] {dagbag.py:538} INFO - Filling up the DagBag from /opt/airflow/dags/exercice_jour1.py
[2026-04-08T09:38:55.894+0000] {logging_mixin.py:188} INFO - [2026-04-08T09:38:55.893+0000] {dagbag.py:348} ERROR - Failed to import: /opt/airflow/dags/exercice_jour1.py
Traceback (most recent call last):
  File "/home/airflow/.local/lib/python3.8/site-packages/airflow/models/dagbag.py", line 344, in parse
    loader.exec_module(new_module)
  File "<frozen importlib._bootstrap_external>", line 839, in exec_module
  File "<frozen importlib._bootstrap_external>", line 976, in get_code
  File "<frozen importlib._bootstrap_external>", line 906, in source_to_code
  File "<frozen importlib._bootstrap>", line 219, in _call_with_frames_removed
  File "/opt/airflow/dags/exercice_jour1.py", line 20
    start_date=datetime(2026, 1, 1),
              ^
SyntaxError: invalid syntax
[2026-04-08T09:38:55.894+0000] {processor.py:842} WARNING - No viable dags retrieved from /opt/airflow/dags/exercice_jour1.py
[2026-04-08T09:38:55.907+0000] {processor.py:183} INFO - Processing /opt/airflow/dags/exercice_jour1.py took 0.020 seconds
[2026-04-08T09:38:59.358+0000] {processor.py:161} INFO - Started process (PID=5523) to work on /opt/airflow/dags/exercice_jour1.py
[2026-04-08T09:38:59.360+0000] {processor.py:830} INFO - Processing file /opt/airflow/dags/exercice_jour1.py for tasks to queue
[2026-04-08T09:38:59.362+0000] {logging_mixin.py:188} INFO - [2026-04-08T09:38:59.362+0000] {dagbag.py:538} INFO - Filling up the DagBag from /opt/airflow/dags/exercice_jour1.py
[2026-04-08T09:38:59.369+0000] {logging_mixin.py:188} INFO - [2026-04-08T09:38:59.368+0000] {dagbag.py:348} ERROR - Failed to import: /opt/airflow/dags/exercice_jour1.py
Traceback (most recent call last):
  File "/home/airflow/.local/lib/python3.8/site-packages/airflow/models/dagbag.py", line 344, in parse
    loader.exec_module(new_module)
  File "<frozen importlib._bootstrap_external>", line 843, in exec_module
  File "<frozen importlib._bootstrap>", line 219, in _call_with_frames_removed
  File "/opt/airflow/dags/exercice_jour1.py", line 38, in <module>
    hello_task >> bash_task
NameError: name 'hello_task' is not defined
[2026-04-08T09:38:59.369+0000] {processor.py:842} WARNING - No viable dags retrieved from /opt/airflow/dags/exercice_jour1.py
[2026-04-08T09:38:59.382+0000] {processor.py:183} INFO - Processing /opt/airflow/dags/exercice_jour1.py took 0.026 seconds
[2026-04-08T09:39:01.720+0000] {processor.py:161} INFO - Started process (PID=5532) to work on /opt/airflow/dags/exercice_jour1.py
[2026-04-08T09:39:01.720+0000] {processor.py:830} INFO - Processing file /opt/airflow/dags/exercice_jour1.py for tasks to queue
[2026-04-08T09:39:01.722+0000] {logging_mixin.py:188} INFO - [2026-04-08T09:39:01.721+0000] {dagbag.py:538} INFO - Filling up the DagBag from /opt/airflow/dags/exercice_jour1.py
[2026-04-08T09:39:01.728+0000] {logging_mixin.py:188} INFO - [2026-04-08T09:39:01.727+0000] {dagbag.py:348} ERROR - Failed to import: /opt/airflow/dags/exercice_jour1.py
Traceback (most recent call last):
  File "/home/airflow/.local/lib/python3.8/site-packages/airflow/models/dagbag.py", line 344, in parse
    loader.exec_module(new_module)
  File "<frozen importlib._bootstrap_external>", line 843, in exec_module
  File "<frozen importlib._bootstrap>", line 219, in _call_with_frames_removed
  File "/opt/airflow/dags/exercice_jour1.py", line 36, in <module>
    hello_task >> bash_task
NameError: name 'hello_task' is not defined
[2026-04-08T09:39:01.728+0000] {processor.py:842} WARNING - No viable dags retrieved from /opt/airflow/dags/exercice_jour1.py
[2026-04-08T09:39:01.740+0000] {processor.py:183} INFO - Processing /opt/airflow/dags/exercice_jour1.py took 0.024 seconds
[2026-04-08T09:39:08.673+0000] {processor.py:161} INFO - Started process (PID=5555) to work on /opt/airflow/dags/exercice_jour1.py
[2026-04-08T09:39:08.674+0000] {processor.py:830} INFO - Processing file /opt/airflow/dags/exercice_jour1.py for tasks to queue
[2026-04-08T09:39:08.676+0000] {logging_mixin.py:188} INFO - [2026-04-08T09:39:08.676+0000] {dagbag.py:538} INFO - Filling up the DagBag from /opt/airflow/dags/exercice_jour1.py
[2026-04-08T09:39:08.682+0000] {logging_mixin.py:188} INFO - [2026-04-08T09:39:08.682+0000] {dagbag.py:348} ERROR - Failed to import: /opt/airflow/dags/exercice_jour1.py
Traceback (most recent call last):
  File "/home/airflow/.local/lib/python3.8/site-packages/airflow/models/dagbag.py", line 344, in parse
    loader.exec_module(new_module)
  File "<frozen importlib._bootstrap_external>", line 843, in exec_module
  File "<frozen importlib._bootstrap>", line 219, in _call_with_frames_removed
  File "/opt/airflow/dags/exercice_jour1.py", line 36, in <module>
    sta
NameError: name 'sta' is not defined
[2026-04-08T09:39:08.682+0000] {processor.py:842} WARNING - No viable dags retrieved from /opt/airflow/dags/exercice_jour1.py
[2026-04-08T09:39:08.699+0000] {processor.py:183} INFO - Processing /opt/airflow/dags/exercice_jour1.py took 0.029 seconds
[2026-04-08T09:39:13.126+0000] {processor.py:161} INFO - Started process (PID=5567) to work on /opt/airflow/dags/exercice_jour1.py
[2026-04-08T09:39:13.127+0000] {processor.py:830} INFO - Processing file /opt/airflow/dags/exercice_jour1.py for tasks to queue
[2026-04-08T09:39:13.129+0000] {logging_mixin.py:188} INFO - [2026-04-08T09:39:13.129+0000] {dagbag.py:538} INFO - Filling up the DagBag from /opt/airflow/dags/exercice_jour1.py
[2026-04-08T09:39:13.136+0000] {processor.py:840} INFO - DAG(s) 'exercice_jour1' retrieved from /opt/airflow/dags/exercice_jour1.py
[2026-04-08T09:39:13.219+0000] {logging_mixin.py:188} INFO - [2026-04-08T09:39:13.218+0000] {override.py:1769} INFO - Created Permission View: can read on DAG:exercice_jour1
[2026-04-08T09:39:13.227+0000] {logging_mixin.py:188} INFO - [2026-04-08T09:39:13.227+0000] {override.py:1769} INFO - Created Permission View: can delete on DAG:exercice_jour1
[2026-04-08T09:39:13.234+0000] {logging_mixin.py:188} INFO - [2026-04-08T09:39:13.233+0000] {override.py:1769} INFO - Created Permission View: can edit on DAG:exercice_jour1
[2026-04-08T09:39:13.234+0000] {logging_mixin.py:188} INFO - [2026-04-08T09:39:13.234+0000] {dag.py:3033} INFO - Sync 1 DAGs
[2026-04-08T09:39:13.244+0000] {logging_mixin.py:188} INFO - [2026-04-08T09:39:13.244+0000] {dag.py:3055} INFO - Creating ORM DAG for exercice_jour1
[2026-04-08T09:39:13.255+0000] {logging_mixin.py:188} INFO - [2026-04-08T09:39:13.254+0000] {dag.py:3820} INFO - Setting next_dagrun for exercice_jour1 to 2026-04-08T09:30:00+00:00, run_after=2026-04-08T09:35:00+00:00
[2026-04-08T09:39:13.270+0000] {processor.py:183} INFO - Processing /opt/airflow/dags/exercice_jour1.py took 0.146 seconds
[2026-04-08T09:39:17.163+0000] {processor.py:161} INFO - Started process (PID=5574) to work on /opt/airflow/dags/exercice_jour1.py
[2026-04-08T09:39:17.164+0000] {processor.py:830} INFO - Processing file /opt/airflow/dags/exercice_jour1.py for tasks to queue
[2026-04-08T09:39:17.166+0000] {logging_mixin.py:188} INFO - [2026-04-08T09:39:17.165+0000] {dagbag.py:538} INFO - Filling up the DagBag from /opt/airflow/dags/exercice_jour1.py
[2026-04-08T09:39:17.171+0000] {processor.py:840} INFO - DAG(s) 'exercice_jour1' retrieved from /opt/airflow/dags/exercice_jour1.py
[2026-04-08T09:39:17.180+0000] {logging_mixin.py:188} INFO - [2026-04-08T09:39:17.180+0000] {dag.py:3033} INFO - Sync 1 DAGs
[2026-04-08T09:39:17.198+0000] {logging_mixin.py:188} INFO - [2026-04-08T09:39:17.198+0000] {dag.py:3820} INFO - Setting next_dagrun for exercice_jour1 to 2026-04-08T09:30:00+00:00, run_after=2026-04-08T09:35:00+00:00
[2026-04-08T09:39:17.213+0000] {processor.py:183} INFO - Processing /opt/airflow/dags/exercice_jour1.py took 0.053 seconds
[2026-04-08T09:39:47.258+0000] {processor.py:161} INFO - Started process (PID=5631) to work on /opt/airflow/dags/exercice_jour1.py
[2026-04-08T09:39:47.258+0000] {processor.py:830} INFO - Processing file /opt/airflow/dags/exercice_jour1.py for tasks to queue
[2026-04-08T09:39:47.260+0000] {logging_mixin.py:188} INFO - [2026-04-08T09:39:47.260+0000] {dagbag.py:538} INFO - Filling up the DagBag from /opt/airflow/dags/exercice_jour1.py
[2026-04-08T09:39:47.265+0000] {processor.py:840} INFO - DAG(s) 'exercice_jour1' retrieved from /opt/airflow/dags/exercice_jour1.py
[2026-04-08T09:39:47.277+0000] {logging_mixin.py:188} INFO - [2026-04-08T09:39:47.277+0000] {dag.py:3033} INFO - Sync 1 DAGs
[2026-04-08T09:39:47.294+0000] {logging_mixin.py:188} INFO - [2026-04-08T09:39:47.294+0000] {dag.py:3820} INFO - Setting next_dagrun for exercice_jour1 to 2026-04-08T09:30:00+00:00, run_after=2026-04-08T09:35:00+00:00
[2026-04-08T09:39:47.306+0000] {processor.py:183} INFO - Processing /opt/airflow/dags/exercice_jour1.py took 0.050 seconds
[2026-04-08T09:40:17.581+0000] {processor.py:161} INFO - Started process (PID=5704) to work on /opt/airflow/dags/exercice_jour1.py
[2026-04-08T09:40:17.582+0000] {processor.py:830} INFO - Processing file /opt/airflow/dags/exercice_jour1.py for tasks to queue
[2026-04-08T09:40:17.583+0000] {logging_mixin.py:188} INFO - [2026-04-08T09:40:17.583+0000] {dagbag.py:538} INFO - Filling up the DagBag from /opt/airflow/dags/exercice_jour1.py
[2026-04-08T09:40:17.588+0000] {processor.py:840} INFO - DAG(s) 'exercice_jour1' retrieved from /opt/airflow/dags/exercice_jour1.py
[2026-04-08T09:40:17.601+0000] {logging_mixin.py:188} INFO - [2026-04-08T09:40:17.601+0000] {dag.py:3033} INFO - Sync 1 DAGs
[2026-04-08T09:40:17.617+0000] {logging_mixin.py:188} INFO - [2026-04-08T09:40:17.617+0000] {dag.py:3820} INFO - Setting next_dagrun for exercice_jour1 to 2026-04-08T09:40:00+00:00, run_after=2026-04-08T09:45:00+00:00
[2026-04-08T09:40:17.628+0000] {processor.py:183} INFO - Processing /opt/airflow/dags/exercice_jour1.py took 0.049 seconds
[2026-04-08T09:40:48.156+0000] {processor.py:161} INFO - Started process (PID=5761) to work on /opt/airflow/dags/exercice_jour1.py
[2026-04-08T09:40:48.157+0000] {processor.py:830} INFO - Processing file /opt/airflow/dags/exercice_jour1.py for tasks to queue
[2026-04-08T09:40:48.159+0000] {logging_mixin.py:188} INFO - [2026-04-08T09:40:48.159+0000] {dagbag.py:538} INFO - Filling up the DagBag from /opt/airflow/dags/exercice_jour1.py
[2026-04-08T09:40:48.165+0000] {processor.py:840} INFO - DAG(s) 'exercice_jour1' retrieved from /opt/airflow/dags/exercice_jour1.py
[2026-04-08T09:40:48.180+0000] {logging_mixin.py:188} INFO - [2026-04-08T09:40:48.179+0000] {dag.py:3033} INFO - Sync 1 DAGs
[2026-04-08T09:40:48.201+0000] {logging_mixin.py:188} INFO - [2026-04-08T09:40:48.201+0000] {dag.py:3820} INFO - Setting next_dagrun for exercice_jour1 to 2026-04-08T09:40:00+00:00, run_after=2026-04-08T09:45:00+00:00
[2026-04-08T09:40:48.216+0000] {processor.py:183} INFO - Processing /opt/airflow/dags/exercice_jour1.py took 0.062 seconds
[2026-04-08T09:41:18.360+0000] {processor.py:161} INFO - Started process (PID=5818) to work on /opt/airflow/dags/exercice_jour1.py
[2026-04-08T09:41:18.361+0000] {processor.py:830} INFO - Processing file /opt/airflow/dags/exercice_jour1.py for tasks to queue
[2026-04-08T09:41:18.363+0000] {logging_mixin.py:188} INFO - [2026-04-08T09:41:18.362+0000] {dagbag.py:538} INFO - Filling up the DagBag from /opt/airflow/dags/exercice_jour1.py
[2026-04-08T09:41:18.368+0000] {processor.py:840} INFO - DAG(s) 'exercice_jour1' retrieved from /opt/airflow/dags/exercice_jour1.py
[2026-04-08T09:41:18.379+0000] {logging_mixin.py:188} INFO - [2026-04-08T09:41:18.379+0000] {dag.py:3033} INFO - Sync 1 DAGs
[2026-04-08T09:41:18.396+0000] {logging_mixin.py:188} INFO - [2026-04-08T09:41:18.395+0000] {dag.py:3820} INFO - Setting next_dagrun for exercice_jour1 to 2026-04-08T09:40:00+00:00, run_after=2026-04-08T09:45:00+00:00
[2026-04-08T09:41:18.407+0000] {processor.py:183} INFO - Processing /opt/airflow/dags/exercice_jour1.py took 0.050 seconds
[2026-04-08T09:41:49.364+0000] {processor.py:161} INFO - Started process (PID=5875) to work on /opt/airflow/dags/exercice_jour1.py
[2026-04-08T09:41:49.366+0000] {processor.py:830} INFO - Processing file /opt/airflow/dags/exercice_jour1.py for tasks to queue
[2026-04-08T09:41:49.369+0000] {logging_mixin.py:188} INFO - [2026-04-08T09:41:49.369+0000] {dagbag.py:538} INFO - Filling up the DagBag from /opt/airflow/dags/exercice_jour1.py
[2026-04-08T09:41:49.377+0000] {processor.py:840} INFO - DAG(s) 'exercice_jour1' retrieved from /opt/airflow/dags/exercice_jour1.py
[2026-04-08T09:41:49.392+0000] {logging_mixin.py:188} INFO - [2026-04-08T09:41:49.392+0000] {dag.py:3033} INFO - Sync 1 DAGs
[2026-04-08T09:41:49.411+0000] {logging_mixin.py:188} INFO - [2026-04-08T09:41:49.411+0000] {dag.py:3820} INFO - Setting next_dagrun for exercice_jour1 to 2026-04-08T09:40:00+00:00, run_after=2026-04-08T09:45:00+00:00
[2026-04-08T09:41:49.424+0000] {processor.py:183} INFO - Processing /opt/airflow/dags/exercice_jour1.py took 0.063 seconds
[2026-04-08T09:42:19.493+0000] {processor.py:161} INFO - Started process (PID=5932) to work on /opt/airflow/dags/exercice_jour1.py
[2026-04-08T09:42:19.494+0000] {processor.py:830} INFO - Processing file /opt/airflow/dags/exercice_jour1.py for tasks to queue
[2026-04-08T09:42:19.496+0000] {logging_mixin.py:188} INFO - [2026-04-08T09:42:19.495+0000] {dagbag.py:538} INFO - Filling up the DagBag from /opt/airflow/dags/exercice_jour1.py
[2026-04-08T09:42:19.501+0000] {processor.py:840} INFO - DAG(s) 'exercice_jour1' retrieved from /opt/airflow/dags/exercice_jour1.py
[2026-04-08T09:42:19.517+0000] {logging_mixin.py:188} INFO - [2026-04-08T09:42:19.517+0000] {dag.py:3033} INFO - Sync 1 DAGs
[2026-04-08T09:42:19.536+0000] {logging_mixin.py:188} INFO - [2026-04-08T09:42:19.536+0000] {dag.py:3820} INFO - Setting next_dagrun for exercice_jour1 to 2026-04-08T09:40:00+00:00, run_after=2026-04-08T09:45:00+00:00
[2026-04-08T09:42:19.547+0000] {processor.py:183} INFO - Processing /opt/airflow/dags/exercice_jour1.py took 0.056 seconds
[2026-04-08T09:42:49.649+0000] {processor.py:161} INFO - Started process (PID=5989) to work on /opt/airflow/dags/exercice_jour1.py
[2026-04-08T09:42:49.649+0000] {processor.py:830} INFO - Processing file /opt/airflow/dags/exercice_jour1.py for tasks to queue
[2026-04-08T09:42:49.651+0000] {logging_mixin.py:188} INFO - [2026-04-08T09:42:49.651+0000] {dagbag.py:538} INFO - Filling up the DagBag from /opt/airflow/dags/exercice_jour1.py
[2026-04-08T09:42:49.656+0000] {processor.py:840} INFO - DAG(s) 'exercice_jour1' retrieved from /opt/airflow/dags/exercice_jour1.py
[2026-04-08T09:42:49.670+0000] {logging_mixin.py:188} INFO - [2026-04-08T09:42:49.670+0000] {dag.py:3033} INFO - Sync 1 DAGs
[2026-04-08T09:42:49.686+0000] {logging_mixin.py:188} INFO - [2026-04-08T09:42:49.685+0000] {dag.py:3820} INFO - Setting next_dagrun for exercice_jour1 to 2026-04-08T09:40:00+00:00, run_after=2026-04-08T09:45:00+00:00
[2026-04-08T09:42:49.698+0000] {processor.py:183} INFO - Processing /opt/airflow/dags/exercice_jour1.py took 0.052 seconds
[2026-04-08T09:43:19.719+0000] {processor.py:161} INFO - Started process (PID=6046) to work on /opt/airflow/dags/exercice_jour1.py
[2026-04-08T09:43:19.720+0000] {processor.py:830} INFO - Processing file /opt/airflow/dags/exercice_jour1.py for tasks to queue
[2026-04-08T09:43:19.722+0000] {logging_mixin.py:188} INFO - [2026-04-08T09:43:19.722+0000] {dagbag.py:538} INFO - Filling up the DagBag from /opt/airflow/dags/exercice_jour1.py
[2026-04-08T09:43:19.729+0000] {processor.py:840} INFO - DAG(s) 'exercice_jour1' retrieved from /opt/airflow/dags/exercice_jour1.py
[2026-04-08T09:43:19.743+0000] {logging_mixin.py:188} INFO - [2026-04-08T09:43:19.743+0000] {dag.py:3033} INFO - Sync 1 DAGs
[2026-04-08T09:43:19.763+0000] {logging_mixin.py:188} INFO - [2026-04-08T09:43:19.762+0000] {dag.py:3820} INFO - Setting next_dagrun for exercice_jour1 to 2026-04-08T09:40:00+00:00, run_after=2026-04-08T09:45:00+00:00
[2026-04-08T09:43:19.777+0000] {processor.py:183} INFO - Processing /opt/airflow/dags/exercice_jour1.py took 0.060 seconds
[2026-04-08T09:43:28.932+0000] {processor.py:161} INFO - Started process (PID=6049) to work on /opt/airflow/dags/exercice_jour1.py
[2026-04-08T09:43:28.933+0000] {processor.py:830} INFO - Processing file /opt/airflow/dags/exercice_jour1.py for tasks to queue
[2026-04-08T09:43:28.934+0000] {logging_mixin.py:188} INFO - [2026-04-08T09:43:28.934+0000] {dagbag.py:538} INFO - Filling up the DagBag from /opt/airflow/dags/exercice_jour1.py
[2026-04-08T09:43:28.941+0000] {processor.py:840} INFO - DAG(s) 'exercice_jour1' retrieved from /opt/airflow/dags/exercice_jour1.py
[2026-04-08T09:43:28.957+0000] {logging_mixin.py:188} INFO - [2026-04-08T09:43:28.956+0000] {dag.py:3033} INFO - Sync 1 DAGs
[2026-04-08T09:43:28.975+0000] {logging_mixin.py:188} INFO - [2026-04-08T09:43:28.975+0000] {dag.py:3820} INFO - Setting next_dagrun for exercice_jour1 to 2026-04-08T09:40:00+00:00, run_after=2026-04-08T09:45:00+00:00
[2026-04-08T09:43:28.990+0000] {processor.py:183} INFO - Processing /opt/airflow/dags/exercice_jour1.py took 0.060 seconds
[2026-04-08T09:43:33.535+0000] {processor.py:161} INFO - Started process (PID=6062) to work on /opt/airflow/dags/exercice_jour1.py
[2026-04-08T09:43:33.535+0000] {processor.py:830} INFO - Processing file /opt/airflow/dags/exercice_jour1.py for tasks to queue
[2026-04-08T09:43:33.537+0000] {logging_mixin.py:188} INFO - [2026-04-08T09:43:33.537+0000] {dagbag.py:538} INFO - Filling up the DagBag from /opt/airflow/dags/exercice_jour1.py
[2026-04-08T09:43:33.545+0000] {processor.py:840} INFO - DAG(s) 'exercice_jour1' retrieved from /opt/airflow/dags/exercice_jour1.py
[2026-04-08T09:43:33.558+0000] {logging_mixin.py:188} INFO - [2026-04-08T09:43:33.558+0000] {dag.py:3033} INFO - Sync 1 DAGs
[2026-04-08T09:43:33.575+0000] {logging_mixin.py:188} INFO - [2026-04-08T09:43:33.575+0000] {dag.py:3820} INFO - Setting next_dagrun for exercice_jour1 to 2026-04-08T09:40:00+00:00, run_after=2026-04-08T09:45:00+00:00
[2026-04-08T09:43:33.588+0000] {processor.py:183} INFO - Processing /opt/airflow/dags/exercice_jour1.py took 0.056 seconds
[2026-04-08T09:44:04.133+0000] {processor.py:161} INFO - Started process (PID=6118) to work on /opt/airflow/dags/exercice_jour1.py
[2026-04-08T09:44:04.135+0000] {processor.py:830} INFO - Processing file /opt/airflow/dags/exercice_jour1.py for tasks to queue
[2026-04-08T09:44:04.136+0000] {logging_mixin.py:188} INFO - [2026-04-08T09:44:04.136+0000] {dagbag.py:538} INFO - Filling up the DagBag from /opt/airflow/dags/exercice_jour1.py
[2026-04-08T09:44:04.144+0000] {processor.py:840} INFO - DAG(s) 'exercice_jour1' retrieved from /opt/airflow/dags/exercice_jour1.py
[2026-04-08T09:44:04.160+0000] {logging_mixin.py:188} INFO - [2026-04-08T09:44:04.159+0000] {dag.py:3033} INFO - Sync 1 DAGs
[2026-04-08T09:44:04.177+0000] {logging_mixin.py:188} INFO - [2026-04-08T09:44:04.177+0000] {dag.py:3820} INFO - Setting next_dagrun for exercice_jour1 to 2026-04-08T09:40:00+00:00, run_after=2026-04-08T09:45:00+00:00
[2026-04-08T09:44:04.189+0000] {processor.py:183} INFO - Processing /opt/airflow/dags/exercice_jour1.py took 0.060 seconds
[2026-04-08T09:44:34.255+0000] {processor.py:161} INFO - Started process (PID=6175) to work on /opt/airflow/dags/exercice_jour1.py
[2026-04-08T09:44:34.255+0000] {processor.py:830} INFO - Processing file /opt/airflow/dags/exercice_jour1.py for tasks to queue
[2026-04-08T09:44:34.257+0000] {logging_mixin.py:188} INFO - [2026-04-08T09:44:34.257+0000] {dagbag.py:538} INFO - Filling up the DagBag from /opt/airflow/dags/exercice_jour1.py
[2026-04-08T09:44:34.263+0000] {processor.py:840} INFO - DAG(s) 'exercice_jour1' retrieved from /opt/airflow/dags/exercice_jour1.py
[2026-04-08T09:44:34.277+0000] {logging_mixin.py:188} INFO - [2026-04-08T09:44:34.277+0000] {dag.py:3033} INFO - Sync 1 DAGs
[2026-04-08T09:44:34.298+0000] {logging_mixin.py:188} INFO - [2026-04-08T09:44:34.298+0000] {dag.py:3820} INFO - Setting next_dagrun for exercice_jour1 to 2026-04-08T09:40:00+00:00, run_after=2026-04-08T09:45:00+00:00
[2026-04-08T09:44:34.313+0000] {processor.py:183} INFO - Processing /opt/airflow/dags/exercice_jour1.py took 0.061 seconds
[2026-04-08T09:45:04.486+0000] {processor.py:161} INFO - Started process (PID=6240) to work on /opt/airflow/dags/exercice_jour1.py
[2026-04-08T09:45:04.486+0000] {processor.py:830} INFO - Processing file /opt/airflow/dags/exercice_jour1.py for tasks to queue
[2026-04-08T09:45:04.488+0000] {logging_mixin.py:188} INFO - [2026-04-08T09:45:04.487+0000] {dagbag.py:538} INFO - Filling up the DagBag from /opt/airflow/dags/exercice_jour1.py
[2026-04-08T09:45:04.494+0000] {processor.py:840} INFO - DAG(s) 'exercice_jour1' retrieved from /opt/airflow/dags/exercice_jour1.py
[2026-04-08T09:45:04.513+0000] {logging_mixin.py:188} INFO - [2026-04-08T09:45:04.513+0000] {dag.py:3033} INFO - Sync 1 DAGs
[2026-04-08T09:45:04.538+0000] {logging_mixin.py:188} INFO - [2026-04-08T09:45:04.538+0000] {dag.py:3820} INFO - Setting next_dagrun for exercice_jour1 to 2026-04-08T09:45:00+00:00, run_after=2026-04-08T09:50:00+00:00
[2026-04-08T09:45:04.557+0000] {processor.py:183} INFO - Processing /opt/airflow/dags/exercice_jour1.py took 0.073 seconds
[2026-04-08T09:45:34.630+0000] {processor.py:161} INFO - Started process (PID=6297) to work on /opt/airflow/dags/exercice_jour1.py
[2026-04-08T09:45:34.631+0000] {processor.py:830} INFO - Processing file /opt/airflow/dags/exercice_jour1.py for tasks to queue
[2026-04-08T09:45:34.633+0000] {logging_mixin.py:188} INFO - [2026-04-08T09:45:34.632+0000] {dagbag.py:538} INFO - Filling up the DagBag from /opt/airflow/dags/exercice_jour1.py
[2026-04-08T09:45:34.640+0000] {processor.py:840} INFO - DAG(s) 'exercice_jour1' retrieved from /opt/airflow/dags/exercice_jour1.py
[2026-04-08T09:45:34.656+0000] {logging_mixin.py:188} INFO - [2026-04-08T09:45:34.656+0000] {dag.py:3033} INFO - Sync 1 DAGs
[2026-04-08T09:45:34.679+0000] {logging_mixin.py:188} INFO - [2026-04-08T09:45:34.679+0000] {dag.py:3820} INFO - Setting next_dagrun for exercice_jour1 to 2026-04-08T09:45:00+00:00, run_after=2026-04-08T09:50:00+00:00
[2026-04-08T09:45:34.694+0000] {processor.py:183} INFO - Processing /opt/airflow/dags/exercice_jour1.py took 0.067 seconds
[2026-04-08T09:46:04.823+0000] {processor.py:161} INFO - Started process (PID=6354) to work on /opt/airflow/dags/exercice_jour1.py
[2026-04-08T09:46:04.824+0000] {processor.py:830} INFO - Processing file /opt/airflow/dags/exercice_jour1.py for tasks to queue
[2026-04-08T09:46:04.825+0000] {logging_mixin.py:188} INFO - [2026-04-08T09:46:04.825+0000] {dagbag.py:538} INFO - Filling up the DagBag from /opt/airflow/dags/exercice_jour1.py
[2026-04-08T09:46:04.833+0000] {processor.py:840} INFO - DAG(s) 'exercice_jour1' retrieved from /opt/airflow/dags/exercice_jour1.py
[2026-04-08T09:46:04.848+0000] {logging_mixin.py:188} INFO - [2026-04-08T09:46:04.847+0000] {dag.py:3033} INFO - Sync 1 DAGs
[2026-04-08T09:46:04.870+0000] {logging_mixin.py:188} INFO - [2026-04-08T09:46:04.870+0000] {dag.py:3820} INFO - Setting next_dagrun for exercice_jour1 to 2026-04-08T09:45:00+00:00, run_after=2026-04-08T09:50:00+00:00
[2026-04-08T09:46:04.883+0000] {processor.py:183} INFO - Processing /opt/airflow/dags/exercice_jour1.py took 0.063 seconds
[2026-04-08T09:46:35.175+0000] {processor.py:161} INFO - Started process (PID=6411) to work on /opt/airflow/dags/exercice_jour1.py
[2026-04-08T09:46:35.176+0000] {processor.py:830} INFO - Processing file /opt/airflow/dags/exercice_jour1.py for tasks to queue
[2026-04-08T09:46:35.177+0000] {logging_mixin.py:188} INFO - [2026-04-08T09:46:35.177+0000] {dagbag.py:538} INFO - Filling up the DagBag from /opt/airflow/dags/exercice_jour1.py
[2026-04-08T09:46:35.183+0000] {processor.py:840} INFO - DAG(s) 'exercice_jour1' retrieved from /opt/airflow/dags/exercice_jour1.py
[2026-04-08T09:46:35.197+0000] {logging_mixin.py:188} INFO - [2026-04-08T09:46:35.196+0000] {dag.py:3033} INFO - Sync 1 DAGs
[2026-04-08T09:46:35.219+0000] {logging_mixin.py:188} INFO - [2026-04-08T09:46:35.219+0000] {dag.py:3820} INFO - Setting next_dagrun for exercice_jour1 to 2026-04-08T09:45:00+00:00, run_after=2026-04-08T09:50:00+00:00
[2026-04-08T09:46:35.233+0000] {processor.py:183} INFO - Processing /opt/airflow/dags/exercice_jour1.py took 0.060 seconds
[2026-04-08T09:47:05.331+0000] {processor.py:161} INFO - Started process (PID=6468) to work on /opt/airflow/dags/exercice_jour1.py
[2026-04-08T09:47:05.332+0000] {processor.py:830} INFO - Processing file /opt/airflow/dags/exercice_jour1.py for tasks to queue
[2026-04-08T09:47:05.334+0000] {logging_mixin.py:188} INFO - [2026-04-08T09:47:05.334+0000] {dagbag.py:538} INFO - Filling up the DagBag from /opt/airflow/dags/exercice_jour1.py
[2026-04-08T09:47:05.340+0000] {processor.py:840} INFO - DAG(s) 'exercice_jour1' retrieved from /opt/airflow/dags/exercice_jour1.py
[2026-04-08T09:47:05.354+0000] {logging_mixin.py:188} INFO - [2026-04-08T09:47:05.354+0000] {dag.py:3033} INFO - Sync 1 DAGs
[2026-04-08T09:47:05.375+0000] {logging_mixin.py:188} INFO - [2026-04-08T09:47:05.375+0000] {dag.py:3820} INFO - Setting next_dagrun for exercice_jour1 to 2026-04-08T09:45:00+00:00, run_after=2026-04-08T09:50:00+00:00
[2026-04-08T09:47:05.387+0000] {processor.py:183} INFO - Processing /opt/airflow/dags/exercice_jour1.py took 0.059 seconds
[2026-04-08T09:47:35.477+0000] {processor.py:161} INFO - Started process (PID=6536) to work on /opt/airflow/dags/exercice_jour1.py
[2026-04-08T09:47:35.478+0000] {processor.py:830} INFO - Processing file /opt/airflow/dags/exercice_jour1.py for tasks to queue
[2026-04-08T09:47:35.479+0000] {logging_mixin.py:188} INFO - [2026-04-08T09:47:35.479+0000] {dagbag.py:538} INFO - Filling up the DagBag from /opt/airflow/dags/exercice_jour1.py
[2026-04-08T09:47:35.485+0000] {processor.py:840} INFO - DAG(s) 'exercice_jour1' retrieved from /opt/airflow/dags/exercice_jour1.py
[2026-04-08T09:47:35.500+0000] {logging_mixin.py:188} INFO - [2026-04-08T09:47:35.499+0000] {dag.py:3033} INFO - Sync 1 DAGs
[2026-04-08T09:47:35.517+0000] {logging_mixin.py:188} INFO - [2026-04-08T09:47:35.517+0000] {dag.py:3820} INFO - Setting next_dagrun for exercice_jour1 to 2026-04-08T09:45:00+00:00, run_after=2026-04-08T09:50:00+00:00
[2026-04-08T09:47:35.531+0000] {processor.py:183} INFO - Processing /opt/airflow/dags/exercice_jour1.py took 0.056 seconds
[2026-04-08T09:48:05.597+0000] {processor.py:161} INFO - Started process (PID=6593) to work on /opt/airflow/dags/exercice_jour1.py
[2026-04-08T09:48:05.598+0000] {processor.py:830} INFO - Processing file /opt/airflow/dags/exercice_jour1.py for tasks to queue
[2026-04-08T09:48:05.599+0000] {logging_mixin.py:188} INFO - [2026-04-08T09:48:05.599+0000] {dagbag.py:538} INFO - Filling up the DagBag from /opt/airflow/dags/exercice_jour1.py
[2026-04-08T09:48:05.605+0000] {processor.py:840} INFO - DAG(s) 'exercice_jour1' retrieved from /opt/airflow/dags/exercice_jour1.py
[2026-04-08T09:48:05.619+0000] {logging_mixin.py:188} INFO - [2026-04-08T09:48:05.618+0000] {dag.py:3033} INFO - Sync 1 DAGs
[2026-04-08T09:48:05.642+0000] {logging_mixin.py:188} INFO - [2026-04-08T09:48:05.641+0000] {dag.py:3820} INFO - Setting next_dagrun for exercice_jour1 to 2026-04-08T09:45:00+00:00, run_after=2026-04-08T09:50:00+00:00
[2026-04-08T09:48:05.657+0000] {processor.py:183} INFO - Processing /opt/airflow/dags/exercice_jour1.py took 0.062 seconds
[2026-04-08T09:48:35.760+0000] {processor.py:161} INFO - Started process (PID=6650) to work on /opt/airflow/dags/exercice_jour1.py
[2026-04-08T09:48:35.761+0000] {processor.py:830} INFO - Processing file /opt/airflow/dags/exercice_jour1.py for tasks to queue
[2026-04-08T09:48:35.763+0000] {logging_mixin.py:188} INFO - [2026-04-08T09:48:35.763+0000] {dagbag.py:538} INFO - Filling up the DagBag from /opt/airflow/dags/exercice_jour1.py
[2026-04-08T09:48:35.769+0000] {processor.py:840} INFO - DAG(s) 'exercice_jour1' retrieved from /opt/airflow/dags/exercice_jour1.py
[2026-04-08T09:48:35.784+0000] {logging_mixin.py:188} INFO - [2026-04-08T09:48:35.783+0000] {dag.py:3033} INFO - Sync 1 DAGs
[2026-04-08T09:48:35.800+0000] {logging_mixin.py:188} INFO - [2026-04-08T09:48:35.800+0000] {dag.py:3820} INFO - Setting next_dagrun for exercice_jour1 to 2026-04-08T09:45:00+00:00, run_after=2026-04-08T09:50:00+00:00
[2026-04-08T09:48:35.813+0000] {processor.py:183} INFO - Processing /opt/airflow/dags/exercice_jour1.py took 0.056 seconds
[2026-04-08T09:49:05.985+0000] {processor.py:161} INFO - Started process (PID=6707) to work on /opt/airflow/dags/exercice_jour1.py
[2026-04-08T09:49:05.986+0000] {processor.py:830} INFO - Processing file /opt/airflow/dags/exercice_jour1.py for tasks to queue
[2026-04-08T09:49:05.988+0000] {logging_mixin.py:188} INFO - [2026-04-08T09:49:05.988+0000] {dagbag.py:538} INFO - Filling up the DagBag from /opt/airflow/dags/exercice_jour1.py
[2026-04-08T09:49:05.998+0000] {processor.py:840} INFO - DAG(s) 'exercice_jour1' retrieved from /opt/airflow/dags/exercice_jour1.py
[2026-04-08T09:49:06.014+0000] {logging_mixin.py:188} INFO - [2026-04-08T09:49:06.014+0000] {dag.py:3033} INFO - Sync 1 DAGs
[2026-04-08T09:49:06.034+0000] {logging_mixin.py:188} INFO - [2026-04-08T09:49:06.034+0000] {dag.py:3820} INFO - Setting next_dagrun for exercice_jour1 to 2026-04-08T09:45:00+00:00, run_after=2026-04-08T09:50:00+00:00
[2026-04-08T09:49:06.051+0000] {processor.py:183} INFO - Processing /opt/airflow/dags/exercice_jour1.py took 0.068 seconds
[2026-04-08T09:49:36.197+0000] {processor.py:161} INFO - Started process (PID=6764) to work on /opt/airflow/dags/exercice_jour1.py
[2026-04-08T09:49:36.198+0000] {processor.py:830} INFO - Processing file /opt/airflow/dags/exercice_jour1.py for tasks to queue
[2026-04-08T09:49:36.199+0000] {logging_mixin.py:188} INFO - [2026-04-08T09:49:36.199+0000] {dagbag.py:538} INFO - Filling up the DagBag from /opt/airflow/dags/exercice_jour1.py
[2026-04-08T09:49:36.206+0000] {processor.py:840} INFO - DAG(s) 'exercice_jour1' retrieved from /opt/airflow/dags/exercice_jour1.py
[2026-04-08T09:49:36.223+0000] {logging_mixin.py:188} INFO - [2026-04-08T09:49:36.222+0000] {dag.py:3033} INFO - Sync 1 DAGs
[2026-04-08T09:49:36.246+0000] {logging_mixin.py:188} INFO - [2026-04-08T09:49:36.246+0000] {dag.py:3820} INFO - Setting next_dagrun for exercice_jour1 to 2026-04-08T09:45:00+00:00, run_after=2026-04-08T09:50:00+00:00
[2026-04-08T09:49:36.264+0000] {processor.py:183} INFO - Processing /opt/airflow/dags/exercice_jour1.py took 0.069 seconds
[2026-04-08T09:50:06.558+0000] {processor.py:161} INFO - Started process (PID=6829) to work on /opt/airflow/dags/exercice_jour1.py
[2026-04-08T09:50:06.558+0000] {processor.py:830} INFO - Processing file /opt/airflow/dags/exercice_jour1.py for tasks to queue
[2026-04-08T09:50:06.559+0000] {logging_mixin.py:188} INFO - [2026-04-08T09:50:06.559+0000] {dagbag.py:538} INFO - Filling up the DagBag from /opt/airflow/dags/exercice_jour1.py
[2026-04-08T09:50:06.565+0000] {processor.py:840} INFO - DAG(s) 'exercice_jour1' retrieved from /opt/airflow/dags/exercice_jour1.py
[2026-04-08T09:50:06.579+0000] {logging_mixin.py:188} INFO - [2026-04-08T09:50:06.579+0000] {dag.py:3033} INFO - Sync 1 DAGs
[2026-04-08T09:50:06.596+0000] {logging_mixin.py:188} INFO - [2026-04-08T09:50:06.596+0000] {dag.py:3820} INFO - Setting next_dagrun for exercice_jour1 to 2026-04-08T09:50:00+00:00, run_after=2026-04-08T09:55:00+00:00
[2026-04-08T09:50:06.611+0000] {processor.py:183} INFO - Processing /opt/airflow/dags/exercice_jour1.py took 0.055 seconds
[2026-04-08T09:50:36.636+0000] {processor.py:161} INFO - Started process (PID=6886) to work on /opt/airflow/dags/exercice_jour1.py
[2026-04-08T09:50:36.636+0000] {processor.py:830} INFO - Processing file /opt/airflow/dags/exercice_jour1.py for tasks to queue
[2026-04-08T09:50:36.637+0000] {logging_mixin.py:188} INFO - [2026-04-08T09:50:36.637+0000] {dagbag.py:538} INFO - Filling up the DagBag from /opt/airflow/dags/exercice_jour1.py
[2026-04-08T09:50:36.642+0000] {processor.py:840} INFO - DAG(s) 'exercice_jour1' retrieved from /opt/airflow/dags/exercice_jour1.py
[2026-04-08T09:50:36.655+0000] {logging_mixin.py:188} INFO - [2026-04-08T09:50:36.655+0000] {dag.py:3033} INFO - Sync 1 DAGs
[2026-04-08T09:50:36.671+0000] {logging_mixin.py:188} INFO - [2026-04-08T09:50:36.671+0000] {dag.py:3820} INFO - Setting next_dagrun for exercice_jour1 to 2026-04-08T09:50:00+00:00, run_after=2026-04-08T09:55:00+00:00
[2026-04-08T09:50:36.683+0000] {processor.py:183} INFO - Processing /opt/airflow/dags/exercice_jour1.py took 0.050 seconds
[2026-04-08T09:51:07.657+0000] {processor.py:161} INFO - Started process (PID=6943) to work on /opt/airflow/dags/exercice_jour1.py
[2026-04-08T09:51:07.658+0000] {processor.py:830} INFO - Processing file /opt/airflow/dags/exercice_jour1.py for tasks to queue
[2026-04-08T09:51:07.659+0000] {logging_mixin.py:188} INFO - [2026-04-08T09:51:07.659+0000] {dagbag.py:538} INFO - Filling up the DagBag from /opt/airflow/dags/exercice_jour1.py
[2026-04-08T09:51:07.665+0000] {processor.py:840} INFO - DAG(s) 'exercice_jour1' retrieved from /opt/airflow/dags/exercice_jour1.py
[2026-04-08T09:51:07.679+0000] {logging_mixin.py:188} INFO - [2026-04-08T09:51:07.678+0000] {dag.py:3033} INFO - Sync 1 DAGs
[2026-04-08T09:51:07.698+0000] {logging_mixin.py:188} INFO - [2026-04-08T09:51:07.698+0000] {dag.py:3820} INFO - Setting next_dagrun for exercice_jour1 to 2026-04-08T09:50:00+00:00, run_after=2026-04-08T09:55:00+00:00
[2026-04-08T09:51:07.714+0000] {processor.py:183} INFO - Processing /opt/airflow/dags/exercice_jour1.py took 0.059 seconds
[2026-04-08T09:51:37.884+0000] {processor.py:161} INFO - Started process (PID=7000) to work on /opt/airflow/dags/exercice_jour1.py
[2026-04-08T09:51:37.885+0000] {processor.py:830} INFO - Processing file /opt/airflow/dags/exercice_jour1.py for tasks to queue
[2026-04-08T09:51:37.887+0000] {logging_mixin.py:188} INFO - [2026-04-08T09:51:37.886+0000] {dagbag.py:538} INFO - Filling up the DagBag from /opt/airflow/dags/exercice_jour1.py
[2026-04-08T09:51:37.893+0000] {processor.py:840} INFO - DAG(s) 'exercice_jour1' retrieved from /opt/airflow/dags/exercice_jour1.py
[2026-04-08T09:51:37.907+0000] {logging_mixin.py:188} INFO - [2026-04-08T09:51:37.907+0000] {dag.py:3033} INFO - Sync 1 DAGs
[2026-04-08T09:51:37.930+0000] {logging_mixin.py:188} INFO - [2026-04-08T09:51:37.930+0000] {dag.py:3820} INFO - Setting next_dagrun for exercice_jour1 to 2026-04-08T09:50:00+00:00, run_after=2026-04-08T09:55:00+00:00
[2026-04-08T09:51:37.946+0000] {processor.py:183} INFO - Processing /opt/airflow/dags/exercice_jour1.py took 0.065 seconds
[2026-04-08T09:52:08.164+0000] {processor.py:161} INFO - Started process (PID=7057) to work on /opt/airflow/dags/exercice_jour1.py
[2026-04-08T09:52:08.164+0000] {processor.py:830} INFO - Processing file /opt/airflow/dags/exercice_jour1.py for tasks to queue
[2026-04-08T09:52:08.166+0000] {logging_mixin.py:188} INFO - [2026-04-08T09:52:08.165+0000] {dagbag.py:538} INFO - Filling up the DagBag from /opt/airflow/dags/exercice_jour1.py
[2026-04-08T09:52:08.171+0000] {processor.py:840} INFO - DAG(s) 'exercice_jour1' retrieved from /opt/airflow/dags/exercice_jour1.py
[2026-04-08T09:52:08.185+0000] {logging_mixin.py:188} INFO - [2026-04-08T09:52:08.185+0000] {dag.py:3033} INFO - Sync 1 DAGs
[2026-04-08T09:52:08.202+0000] {logging_mixin.py:188} INFO - [2026-04-08T09:52:08.201+0000] {dag.py:3820} INFO - Setting next_dagrun for exercice_jour1 to 2026-04-08T09:50:00+00:00, run_after=2026-04-08T09:55:00+00:00
[2026-04-08T09:52:08.214+0000] {processor.py:183} INFO - Processing /opt/airflow/dags/exercice_jour1.py took 0.053 seconds
[2026-04-08T09:52:38.515+0000] {processor.py:161} INFO - Started process (PID=7114) to work on /opt/airflow/dags/exercice_jour1.py
[2026-04-08T09:52:38.516+0000] {processor.py:830} INFO - Processing file /opt/airflow/dags/exercice_jour1.py for tasks to queue
[2026-04-08T09:52:38.517+0000] {logging_mixin.py:188} INFO - [2026-04-08T09:52:38.517+0000] {dagbag.py:538} INFO - Filling up the DagBag from /opt/airflow/dags/exercice_jour1.py
[2026-04-08T09:52:38.523+0000] {processor.py:840} INFO - DAG(s) 'exercice_jour1' retrieved from /opt/airflow/dags/exercice_jour1.py
[2026-04-08T09:52:38.537+0000] {logging_mixin.py:188} INFO - [2026-04-08T09:52:38.537+0000] {dag.py:3033} INFO - Sync 1 DAGs
[2026-04-08T09:52:38.560+0000] {logging_mixin.py:188} INFO - [2026-04-08T09:52:38.560+0000] {dag.py:3820} INFO - Setting next_dagrun for exercice_jour1 to 2026-04-08T09:50:00+00:00, run_after=2026-04-08T09:55:00+00:00
[2026-04-08T09:52:38.576+0000] {processor.py:183} INFO - Processing /opt/airflow/dags/exercice_jour1.py took 0.063 seconds
[2026-04-08T09:53:08.642+0000] {processor.py:161} INFO - Started process (PID=7171) to work on /opt/airflow/dags/exercice_jour1.py
[2026-04-08T09:53:08.643+0000] {processor.py:830} INFO - Processing file /opt/airflow/dags/exercice_jour1.py for tasks to queue
[2026-04-08T09:53:08.644+0000] {logging_mixin.py:188} INFO - [2026-04-08T09:53:08.644+0000] {dagbag.py:538} INFO - Filling up the DagBag from /opt/airflow/dags/exercice_jour1.py
[2026-04-08T09:53:08.650+0000] {processor.py:840} INFO - DAG(s) 'exercice_jour1' retrieved from /opt/airflow/dags/exercice_jour1.py
[2026-04-08T09:53:08.665+0000] {logging_mixin.py:188} INFO - [2026-04-08T09:53:08.664+0000] {dag.py:3033} INFO - Sync 1 DAGs
[2026-04-08T09:53:08.687+0000] {logging_mixin.py:188} INFO - [2026-04-08T09:53:08.687+0000] {dag.py:3820} INFO - Setting next_dagrun for exercice_jour1 to 2026-04-08T09:50:00+00:00, run_after=2026-04-08T09:55:00+00:00
[2026-04-08T09:53:08.700+0000] {processor.py:183} INFO - Processing /opt/airflow/dags/exercice_jour1.py took 0.061 seconds
[2026-04-08T09:53:38.830+0000] {processor.py:161} INFO - Started process (PID=7228) to work on /opt/airflow/dags/exercice_jour1.py
[2026-04-08T09:53:38.831+0000] {processor.py:830} INFO - Processing file /opt/airflow/dags/exercice_jour1.py for tasks to queue
[2026-04-08T09:53:38.833+0000] {logging_mixin.py:188} INFO - [2026-04-08T09:53:38.833+0000] {dagbag.py:538} INFO - Filling up the DagBag from /opt/airflow/dags/exercice_jour1.py
[2026-04-08T09:53:38.842+0000] {processor.py:840} INFO - DAG(s) 'exercice_jour1' retrieved from /opt/airflow/dags/exercice_jour1.py
[2026-04-08T09:53:38.862+0000] {logging_mixin.py:188} INFO - [2026-04-08T09:53:38.862+0000] {dag.py:3033} INFO - Sync 1 DAGs
[2026-04-08T09:53:38.889+0000] {logging_mixin.py:188} INFO - [2026-04-08T09:53:38.889+0000] {dag.py:3820} INFO - Setting next_dagrun for exercice_jour1 to 2026-04-08T09:50:00+00:00, run_after=2026-04-08T09:55:00+00:00
[2026-04-08T09:53:38.910+0000] {processor.py:183} INFO - Processing /opt/airflow/dags/exercice_jour1.py took 0.083 seconds
[2026-04-08T09:54:08.978+0000] {processor.py:161} INFO - Started process (PID=7285) to work on /opt/airflow/dags/exercice_jour1.py
[2026-04-08T09:54:08.978+0000] {processor.py:830} INFO - Processing file /opt/airflow/dags/exercice_jour1.py for tasks to queue
[2026-04-08T09:54:08.980+0000] {logging_mixin.py:188} INFO - [2026-04-08T09:54:08.980+0000] {dagbag.py:538} INFO - Filling up the DagBag from /opt/airflow/dags/exercice_jour1.py
[2026-04-08T09:54:08.985+0000] {processor.py:840} INFO - DAG(s) 'exercice_jour1' retrieved from /opt/airflow/dags/exercice_jour1.py
[2026-04-08T09:54:09.000+0000] {logging_mixin.py:188} INFO - [2026-04-08T09:54:08.999+0000] {dag.py:3033} INFO - Sync 1 DAGs
[2026-04-08T09:54:09.017+0000] {logging_mixin.py:188} INFO - [2026-04-08T09:54:09.017+0000] {dag.py:3820} INFO - Setting next_dagrun for exercice_jour1 to 2026-04-08T09:50:00+00:00, run_after=2026-04-08T09:55:00+00:00
[2026-04-08T09:54:09.030+0000] {processor.py:183} INFO - Processing /opt/airflow/dags/exercice_jour1.py took 0.055 seconds
[2026-04-08T09:54:39.161+0000] {processor.py:161} INFO - Started process (PID=7342) to work on /opt/airflow/dags/exercice_jour1.py
[2026-04-08T09:54:39.161+0000] {processor.py:830} INFO - Processing file /opt/airflow/dags/exercice_jour1.py for tasks to queue
[2026-04-08T09:54:39.163+0000] {logging_mixin.py:188} INFO - [2026-04-08T09:54:39.163+0000] {dagbag.py:538} INFO - Filling up the DagBag from /opt/airflow/dags/exercice_jour1.py
[2026-04-08T09:54:39.168+0000] {processor.py:840} INFO - DAG(s) 'exercice_jour1' retrieved from /opt/airflow/dags/exercice_jour1.py
[2026-04-08T09:54:39.182+0000] {logging_mixin.py:188} INFO - [2026-04-08T09:54:39.182+0000] {dag.py:3033} INFO - Sync 1 DAGs
[2026-04-08T09:54:39.200+0000] {logging_mixin.py:188} INFO - [2026-04-08T09:54:39.200+0000] {dag.py:3820} INFO - Setting next_dagrun for exercice_jour1 to 2026-04-08T09:50:00+00:00, run_after=2026-04-08T09:55:00+00:00
[2026-04-08T09:54:39.213+0000] {processor.py:183} INFO - Processing /opt/airflow/dags/exercice_jour1.py took 0.054 seconds
[2026-04-08T09:55:09.265+0000] {processor.py:161} INFO - Started process (PID=7403) to work on /opt/airflow/dags/exercice_jour1.py
[2026-04-08T09:55:09.266+0000] {processor.py:830} INFO - Processing file /opt/airflow/dags/exercice_jour1.py for tasks to queue
[2026-04-08T09:55:09.267+0000] {logging_mixin.py:188} INFO - [2026-04-08T09:55:09.267+0000] {dagbag.py:538} INFO - Filling up the DagBag from /opt/airflow/dags/exercice_jour1.py
[2026-04-08T09:55:09.275+0000] {processor.py:840} INFO - DAG(s) 'exercice_jour1' retrieved from /opt/airflow/dags/exercice_jour1.py
[2026-04-08T09:55:09.290+0000] {logging_mixin.py:188} INFO - [2026-04-08T09:55:09.289+0000] {dag.py:3033} INFO - Sync 1 DAGs
[2026-04-08T09:55:09.309+0000] {logging_mixin.py:188} INFO - [2026-04-08T09:55:09.309+0000] {dag.py:3820} INFO - Setting next_dagrun for exercice_jour1 to 2026-04-08T09:55:00+00:00, run_after=2026-04-08T10:00:00+00:00
[2026-04-08T09:55:09.334+0000] {processor.py:183} INFO - Processing /opt/airflow/dags/exercice_jour1.py took 0.071 seconds
[2026-04-08T09:55:39.382+0000] {processor.py:161} INFO - Started process (PID=7460) to work on /opt/airflow/dags/exercice_jour1.py
[2026-04-08T09:55:39.383+0000] {processor.py:830} INFO - Processing file /opt/airflow/dags/exercice_jour1.py for tasks to queue
[2026-04-08T09:55:39.384+0000] {logging_mixin.py:188} INFO - [2026-04-08T09:55:39.384+0000] {dagbag.py:538} INFO - Filling up the DagBag from /opt/airflow/dags/exercice_jour1.py
[2026-04-08T09:55:39.390+0000] {processor.py:840} INFO - DAG(s) 'exercice_jour1' retrieved from /opt/airflow/dags/exercice_jour1.py
[2026-04-08T09:55:39.403+0000] {logging_mixin.py:188} INFO - [2026-04-08T09:55:39.402+0000] {dag.py:3033} INFO - Sync 1 DAGs
[2026-04-08T09:55:39.419+0000] {logging_mixin.py:188} INFO - [2026-04-08T09:55:39.419+0000] {dag.py:3820} INFO - Setting next_dagrun for exercice_jour1 to 2026-04-08T09:55:00+00:00, run_after=2026-04-08T10:00:00+00:00
[2026-04-08T09:55:39.432+0000] {processor.py:183} INFO - Processing /opt/airflow/dags/exercice_jour1.py took 0.052 seconds
[2026-04-08T09:56:09.705+0000] {processor.py:161} INFO - Started process (PID=7517) to work on /opt/airflow/dags/exercice_jour1.py
[2026-04-08T09:56:09.706+0000] {processor.py:830} INFO - Processing file /opt/airflow/dags/exercice_jour1.py for tasks to queue
[2026-04-08T09:56:09.707+0000] {logging_mixin.py:188} INFO - [2026-04-08T09:56:09.707+0000] {dagbag.py:538} INFO - Filling up the DagBag from /opt/airflow/dags/exercice_jour1.py
[2026-04-08T09:56:09.712+0000] {processor.py:840} INFO - DAG(s) 'exercice_jour1' retrieved from /opt/airflow/dags/exercice_jour1.py
[2026-04-08T09:56:09.725+0000] {logging_mixin.py:188} INFO - [2026-04-08T09:56:09.725+0000] {dag.py:3033} INFO - Sync 1 DAGs
[2026-04-08T09:56:09.743+0000] {logging_mixin.py:188} INFO - [2026-04-08T09:56:09.743+0000] {dag.py:3820} INFO - Setting next_dagrun for exercice_jour1 to 2026-04-08T09:55:00+00:00, run_after=2026-04-08T10:00:00+00:00
[2026-04-08T09:56:09.755+0000] {processor.py:183} INFO - Processing /opt/airflow/dags/exercice_jour1.py took 0.053 seconds
[2026-04-08T09:56:40.520+0000] {processor.py:161} INFO - Started process (PID=7572) to work on /opt/airflow/dags/exercice_jour1.py
[2026-04-08T09:56:40.521+0000] {processor.py:830} INFO - Processing file /opt/airflow/dags/exercice_jour1.py for tasks to queue
[2026-04-08T09:56:40.522+0000] {logging_mixin.py:188} INFO - [2026-04-08T09:56:40.522+0000] {dagbag.py:538} INFO - Filling up the DagBag from /opt/airflow/dags/exercice_jour1.py
[2026-04-08T09:56:40.528+0000] {processor.py:840} INFO - DAG(s) 'exercice_jour1' retrieved from /opt/airflow/dags/exercice_jour1.py
[2026-04-08T09:56:40.543+0000] {logging_mixin.py:188} INFO - [2026-04-08T09:56:40.543+0000] {dag.py:3033} INFO - Sync 1 DAGs
[2026-04-08T09:56:40.572+0000] {logging_mixin.py:188} INFO - [2026-04-08T09:56:40.572+0000] {dag.py:3820} INFO - Setting next_dagrun for exercice_jour1 to 2026-04-08T09:55:00+00:00, run_after=2026-04-08T10:00:00+00:00
[2026-04-08T09:56:40.591+0000] {processor.py:183} INFO - Processing /opt/airflow/dags/exercice_jour1.py took 0.073 seconds
[2026-04-08T09:57:10.905+0000] {processor.py:161} INFO - Started process (PID=7629) to work on /opt/airflow/dags/exercice_jour1.py
[2026-04-08T09:57:10.906+0000] {processor.py:830} INFO - Processing file /opt/airflow/dags/exercice_jour1.py for tasks to queue
[2026-04-08T09:57:10.907+0000] {logging_mixin.py:188} INFO - [2026-04-08T09:57:10.907+0000] {dagbag.py:538} INFO - Filling up the DagBag from /opt/airflow/dags/exercice_jour1.py
[2026-04-08T09:57:10.913+0000] {processor.py:840} INFO - DAG(s) 'exercice_jour1' retrieved from /opt/airflow/dags/exercice_jour1.py
[2026-04-08T09:57:10.926+0000] {logging_mixin.py:188} INFO - [2026-04-08T09:57:10.926+0000] {dag.py:3033} INFO - Sync 1 DAGs
[2026-04-08T09:57:10.945+0000] {logging_mixin.py:188} INFO - [2026-04-08T09:57:10.945+0000] {dag.py:3820} INFO - Setting next_dagrun for exercice_jour1 to 2026-04-08T09:55:00+00:00, run_after=2026-04-08T10:00:00+00:00
[2026-04-08T09:57:10.964+0000] {processor.py:183} INFO - Processing /opt/airflow/dags/exercice_jour1.py took 0.062 seconds
[2026-04-08T09:57:41.461+0000] {processor.py:161} INFO - Started process (PID=7686) to work on /opt/airflow/dags/exercice_jour1.py
[2026-04-08T09:57:41.461+0000] {processor.py:830} INFO - Processing file /opt/airflow/dags/exercice_jour1.py for tasks to queue
[2026-04-08T09:57:41.463+0000] {logging_mixin.py:188} INFO - [2026-04-08T09:57:41.462+0000] {dagbag.py:538} INFO - Filling up the DagBag from /opt/airflow/dags/exercice_jour1.py
[2026-04-08T09:57:41.468+0000] {processor.py:840} INFO - DAG(s) 'exercice_jour1' retrieved from /opt/airflow/dags/exercice_jour1.py
[2026-04-08T09:57:41.483+0000] {logging_mixin.py:188} INFO - [2026-04-08T09:57:41.483+0000] {dag.py:3033} INFO - Sync 1 DAGs
[2026-04-08T09:57:41.503+0000] {logging_mixin.py:188} INFO - [2026-04-08T09:57:41.502+0000] {dag.py:3820} INFO - Setting next_dagrun for exercice_jour1 to 2026-04-08T09:55:00+00:00, run_after=2026-04-08T10:00:00+00:00
[2026-04-08T09:57:41.518+0000] {processor.py:183} INFO - Processing /opt/airflow/dags/exercice_jour1.py took 0.059 seconds
[2026-04-08T09:58:11.591+0000] {processor.py:161} INFO - Started process (PID=7743) to work on /opt/airflow/dags/exercice_jour1.py
[2026-04-08T09:58:11.591+0000] {processor.py:830} INFO - Processing file /opt/airflow/dags/exercice_jour1.py for tasks to queue
[2026-04-08T09:58:11.593+0000] {logging_mixin.py:188} INFO - [2026-04-08T09:58:11.593+0000] {dagbag.py:538} INFO - Filling up the DagBag from /opt/airflow/dags/exercice_jour1.py
[2026-04-08T09:58:11.598+0000] {processor.py:840} INFO - DAG(s) 'exercice_jour1' retrieved from /opt/airflow/dags/exercice_jour1.py
[2026-04-08T09:58:11.612+0000] {logging_mixin.py:188} INFO - [2026-04-08T09:58:11.612+0000] {dag.py:3033} INFO - Sync 1 DAGs
[2026-04-08T09:58:11.629+0000] {logging_mixin.py:188} INFO - [2026-04-08T09:58:11.629+0000] {dag.py:3820} INFO - Setting next_dagrun for exercice_jour1 to 2026-04-08T09:55:00+00:00, run_after=2026-04-08T10:00:00+00:00
[2026-04-08T09:58:11.641+0000] {processor.py:183} INFO - Processing /opt/airflow/dags/exercice_jour1.py took 0.054 seconds
[2026-04-08T09:58:41.734+0000] {processor.py:161} INFO - Started process (PID=7800) to work on /opt/airflow/dags/exercice_jour1.py
[2026-04-08T09:58:41.735+0000] {processor.py:830} INFO - Processing file /opt/airflow/dags/exercice_jour1.py for tasks to queue
[2026-04-08T09:58:41.736+0000] {logging_mixin.py:188} INFO - [2026-04-08T09:58:41.736+0000] {dagbag.py:538} INFO - Filling up the DagBag from /opt/airflow/dags/exercice_jour1.py
[2026-04-08T09:58:41.742+0000] {processor.py:840} INFO - DAG(s) 'exercice_jour1' retrieved from /opt/airflow/dags/exercice_jour1.py
[2026-04-08T09:58:41.755+0000] {logging_mixin.py:188} INFO - [2026-04-08T09:58:41.755+0000] {dag.py:3033} INFO - Sync 1 DAGs
[2026-04-08T09:58:41.771+0000] {logging_mixin.py:188} INFO - [2026-04-08T09:58:41.771+0000] {dag.py:3820} INFO - Setting next_dagrun for exercice_jour1 to 2026-04-08T09:55:00+00:00, run_after=2026-04-08T10:00:00+00:00
[2026-04-08T09:58:41.784+0000] {processor.py:183} INFO - Processing /opt/airflow/dags/exercice_jour1.py took 0.051 seconds
[2026-04-08T09:59:11.861+0000] {processor.py:161} INFO - Started process (PID=7857) to work on /opt/airflow/dags/exercice_jour1.py
[2026-04-08T09:59:11.862+0000] {processor.py:830} INFO - Processing file /opt/airflow/dags/exercice_jour1.py for tasks to queue
[2026-04-08T09:59:11.863+0000] {logging_mixin.py:188} INFO - [2026-04-08T09:59:11.863+0000] {dagbag.py:538} INFO - Filling up the DagBag from /opt/airflow/dags/exercice_jour1.py
[2026-04-08T09:59:11.871+0000] {processor.py:840} INFO - DAG(s) 'exercice_jour1' retrieved from /opt/airflow/dags/exercice_jour1.py
[2026-04-08T09:59:11.890+0000] {logging_mixin.py:188} INFO - [2026-04-08T09:59:11.890+0000] {dag.py:3033} INFO - Sync 1 DAGs
[2026-04-08T09:59:11.915+0000] {logging_mixin.py:188} INFO - [2026-04-08T09:59:11.915+0000] {dag.py:3820} INFO - Setting next_dagrun for exercice_jour1 to 2026-04-08T09:55:00+00:00, run_after=2026-04-08T10:00:00+00:00
[2026-04-08T09:59:11.947+0000] {processor.py:183} INFO - Processing /opt/airflow/dags/exercice_jour1.py took 0.088 seconds
[2026-04-08T09:59:42.651+0000] {processor.py:161} INFO - Started process (PID=7914) to work on /opt/airflow/dags/exercice_jour1.py
[2026-04-08T09:59:42.652+0000] {processor.py:830} INFO - Processing file /opt/airflow/dags/exercice_jour1.py for tasks to queue
[2026-04-08T09:59:42.653+0000] {logging_mixin.py:188} INFO - [2026-04-08T09:59:42.653+0000] {dagbag.py:538} INFO - Filling up the DagBag from /opt/airflow/dags/exercice_jour1.py
[2026-04-08T09:59:42.660+0000] {processor.py:840} INFO - DAG(s) 'exercice_jour1' retrieved from /opt/airflow/dags/exercice_jour1.py
[2026-04-08T09:59:42.675+0000] {logging_mixin.py:188} INFO - [2026-04-08T09:59:42.675+0000] {dag.py:3033} INFO - Sync 1 DAGs
[2026-04-08T09:59:42.698+0000] {logging_mixin.py:188} INFO - [2026-04-08T09:59:42.697+0000] {dag.py:3820} INFO - Setting next_dagrun for exercice_jour1 to 2026-04-08T09:55:00+00:00, run_after=2026-04-08T10:00:00+00:00
[2026-04-08T09:59:42.714+0000] {processor.py:183} INFO - Processing /opt/airflow/dags/exercice_jour1.py took 0.067 seconds
[2026-04-08T10:00:12.920+0000] {processor.py:161} INFO - Started process (PID=7979) to work on /opt/airflow/dags/exercice_jour1.py
[2026-04-08T10:00:12.920+0000] {processor.py:830} INFO - Processing file /opt/airflow/dags/exercice_jour1.py for tasks to queue
[2026-04-08T10:00:12.922+0000] {logging_mixin.py:188} INFO - [2026-04-08T10:00:12.922+0000] {dagbag.py:538} INFO - Filling up the DagBag from /opt/airflow/dags/exercice_jour1.py
[2026-04-08T10:00:12.930+0000] {processor.py:840} INFO - DAG(s) 'exercice_jour1' retrieved from /opt/airflow/dags/exercice_jour1.py
[2026-04-08T10:00:12.946+0000] {logging_mixin.py:188} INFO - [2026-04-08T10:00:12.946+0000] {dag.py:3033} INFO - Sync 1 DAGs
[2026-04-08T10:00:12.964+0000] {logging_mixin.py:188} INFO - [2026-04-08T10:00:12.964+0000] {dag.py:3820} INFO - Setting next_dagrun for exercice_jour1 to 2026-04-08T10:00:00+00:00, run_after=2026-04-08T10:05:00+00:00
[2026-04-08T10:00:12.977+0000] {processor.py:183} INFO - Processing /opt/airflow/dags/exercice_jour1.py took 0.060 seconds
[2026-04-08T10:00:43.261+0000] {processor.py:161} INFO - Started process (PID=8036) to work on /opt/airflow/dags/exercice_jour1.py
[2026-04-08T10:00:43.262+0000] {processor.py:830} INFO - Processing file /opt/airflow/dags/exercice_jour1.py for tasks to queue
[2026-04-08T10:00:43.264+0000] {logging_mixin.py:188} INFO - [2026-04-08T10:00:43.263+0000] {dagbag.py:538} INFO - Filling up the DagBag from /opt/airflow/dags/exercice_jour1.py
[2026-04-08T10:00:43.281+0000] {processor.py:840} INFO - DAG(s) 'exercice_jour1' retrieved from /opt/airflow/dags/exercice_jour1.py
[2026-04-08T10:00:43.300+0000] {logging_mixin.py:188} INFO - [2026-04-08T10:00:43.300+0000] {dag.py:3033} INFO - Sync 1 DAGs
[2026-04-08T10:00:43.324+0000] {logging_mixin.py:188} INFO - [2026-04-08T10:00:43.324+0000] {dag.py:3820} INFO - Setting next_dagrun for exercice_jour1 to 2026-04-08T10:00:00+00:00, run_after=2026-04-08T10:05:00+00:00
[2026-04-08T10:00:43.341+0000] {processor.py:183} INFO - Processing /opt/airflow/dags/exercice_jour1.py took 0.082 seconds
[2026-04-08T10:01:13.509+0000] {processor.py:161} INFO - Started process (PID=8093) to work on /opt/airflow/dags/exercice_jour1.py
[2026-04-08T10:01:13.510+0000] {processor.py:830} INFO - Processing file /opt/airflow/dags/exercice_jour1.py for tasks to queue
[2026-04-08T10:01:13.511+0000] {logging_mixin.py:188} INFO - [2026-04-08T10:01:13.511+0000] {dagbag.py:538} INFO - Filling up the DagBag from /opt/airflow/dags/exercice_jour1.py
[2026-04-08T10:01:13.516+0000] {processor.py:840} INFO - DAG(s) 'exercice_jour1' retrieved from /opt/airflow/dags/exercice_jour1.py
[2026-04-08T10:01:13.530+0000] {logging_mixin.py:188} INFO - [2026-04-08T10:01:13.530+0000] {dag.py:3033} INFO - Sync 1 DAGs
[2026-04-08T10:01:13.548+0000] {logging_mixin.py:188} INFO - [2026-04-08T10:01:13.548+0000] {dag.py:3820} INFO - Setting next_dagrun for exercice_jour1 to 2026-04-08T10:00:00+00:00, run_after=2026-04-08T10:05:00+00:00
[2026-04-08T10:01:13.560+0000] {processor.py:183} INFO - Processing /opt/airflow/dags/exercice_jour1.py took 0.054 seconds
[2026-04-08T10:01:43.772+0000] {processor.py:161} INFO - Started process (PID=8150) to work on /opt/airflow/dags/exercice_jour1.py
[2026-04-08T10:01:43.772+0000] {processor.py:830} INFO - Processing file /opt/airflow/dags/exercice_jour1.py for tasks to queue
[2026-04-08T10:01:43.774+0000] {logging_mixin.py:188} INFO - [2026-04-08T10:01:43.773+0000] {dagbag.py:538} INFO - Filling up the DagBag from /opt/airflow/dags/exercice_jour1.py
[2026-04-08T10:01:43.779+0000] {processor.py:840} INFO - DAG(s) 'exercice_jour1' retrieved from /opt/airflow/dags/exercice_jour1.py
[2026-04-08T10:01:43.793+0000] {logging_mixin.py:188} INFO - [2026-04-08T10:01:43.792+0000] {dag.py:3033} INFO - Sync 1 DAGs
[2026-04-08T10:01:43.812+0000] {logging_mixin.py:188} INFO - [2026-04-08T10:01:43.811+0000] {dag.py:3820} INFO - Setting next_dagrun for exercice_jour1 to 2026-04-08T10:00:00+00:00, run_after=2026-04-08T10:05:00+00:00
[2026-04-08T10:01:43.824+0000] {processor.py:183} INFO - Processing /opt/airflow/dags/exercice_jour1.py took 0.055 seconds
[2026-04-08T10:02:14.134+0000] {processor.py:161} INFO - Started process (PID=8207) to work on /opt/airflow/dags/exercice_jour1.py
[2026-04-08T10:02:14.134+0000] {processor.py:830} INFO - Processing file /opt/airflow/dags/exercice_jour1.py for tasks to queue
[2026-04-08T10:02:14.136+0000] {logging_mixin.py:188} INFO - [2026-04-08T10:02:14.136+0000] {dagbag.py:538} INFO - Filling up the DagBag from /opt/airflow/dags/exercice_jour1.py
[2026-04-08T10:02:14.143+0000] {processor.py:840} INFO - DAG(s) 'exercice_jour1' retrieved from /opt/airflow/dags/exercice_jour1.py
[2026-04-08T10:02:14.159+0000] {logging_mixin.py:188} INFO - [2026-04-08T10:02:14.159+0000] {dag.py:3033} INFO - Sync 1 DAGs
[2026-04-08T10:02:14.182+0000] {logging_mixin.py:188} INFO - [2026-04-08T10:02:14.182+0000] {dag.py:3820} INFO - Setting next_dagrun for exercice_jour1 to 2026-04-08T10:00:00+00:00, run_after=2026-04-08T10:05:00+00:00
[2026-04-08T10:02:14.195+0000] {processor.py:183} INFO - Processing /opt/airflow/dags/exercice_jour1.py took 0.064 seconds
[2026-04-08T10:02:44.824+0000] {processor.py:161} INFO - Started process (PID=8264) to work on /opt/airflow/dags/exercice_jour1.py
[2026-04-08T10:02:44.825+0000] {processor.py:830} INFO - Processing file /opt/airflow/dags/exercice_jour1.py for tasks to queue
[2026-04-08T10:02:44.827+0000] {logging_mixin.py:188} INFO - [2026-04-08T10:02:44.827+0000] {dagbag.py:538} INFO - Filling up the DagBag from /opt/airflow/dags/exercice_jour1.py
[2026-04-08T10:02:44.835+0000] {processor.py:840} INFO - DAG(s) 'exercice_jour1' retrieved from /opt/airflow/dags/exercice_jour1.py
[2026-04-08T10:02:44.851+0000] {logging_mixin.py:188} INFO - [2026-04-08T10:02:44.851+0000] {dag.py:3033} INFO - Sync 1 DAGs
[2026-04-08T10:02:44.879+0000] {logging_mixin.py:188} INFO - [2026-04-08T10:02:44.879+0000] {dag.py:3820} INFO - Setting next_dagrun for exercice_jour1 to 2026-04-08T10:00:00+00:00, run_after=2026-04-08T10:05:00+00:00
[2026-04-08T10:02:44.895+0000] {processor.py:183} INFO - Processing /opt/airflow/dags/exercice_jour1.py took 0.074 seconds
[2026-04-08T10:03:15.242+0000] {processor.py:161} INFO - Started process (PID=8321) to work on /opt/airflow/dags/exercice_jour1.py
[2026-04-08T10:03:15.243+0000] {processor.py:830} INFO - Processing file /opt/airflow/dags/exercice_jour1.py for tasks to queue
[2026-04-08T10:03:15.245+0000] {logging_mixin.py:188} INFO - [2026-04-08T10:03:15.244+0000] {dagbag.py:538} INFO - Filling up the DagBag from /opt/airflow/dags/exercice_jour1.py
[2026-04-08T10:03:15.250+0000] {processor.py:840} INFO - DAG(s) 'exercice_jour1' retrieved from /opt/airflow/dags/exercice_jour1.py
[2026-04-08T10:03:15.265+0000] {logging_mixin.py:188} INFO - [2026-04-08T10:03:15.264+0000] {dag.py:3033} INFO - Sync 1 DAGs
[2026-04-08T10:03:15.284+0000] {logging_mixin.py:188} INFO - [2026-04-08T10:03:15.283+0000] {dag.py:3820} INFO - Setting next_dagrun for exercice_jour1 to 2026-04-08T10:00:00+00:00, run_after=2026-04-08T10:05:00+00:00
[2026-04-08T10:03:15.299+0000] {processor.py:183} INFO - Processing /opt/airflow/dags/exercice_jour1.py took 0.060 seconds
[2026-04-08T10:03:45.570+0000] {processor.py:161} INFO - Started process (PID=8378) to work on /opt/airflow/dags/exercice_jour1.py
[2026-04-08T10:03:45.572+0000] {processor.py:830} INFO - Processing file /opt/airflow/dags/exercice_jour1.py for tasks to queue
[2026-04-08T10:03:45.574+0000] {logging_mixin.py:188} INFO - [2026-04-08T10:03:45.574+0000] {dagbag.py:538} INFO - Filling up the DagBag from /opt/airflow/dags/exercice_jour1.py
[2026-04-08T10:03:45.582+0000] {processor.py:840} INFO - DAG(s) 'exercice_jour1' retrieved from /opt/airflow/dags/exercice_jour1.py
[2026-04-08T10:03:45.610+0000] {logging_mixin.py:188} INFO - [2026-04-08T10:03:45.610+0000] {dag.py:3033} INFO - Sync 1 DAGs
[2026-04-08T10:03:45.646+0000] {logging_mixin.py:188} INFO - [2026-04-08T10:03:45.646+0000] {dag.py:3820} INFO - Setting next_dagrun for exercice_jour1 to 2026-04-08T10:00:00+00:00, run_after=2026-04-08T10:05:00+00:00
[2026-04-08T10:03:45.849+0000] {processor.py:183} INFO - Processing /opt/airflow/dags/exercice_jour1.py took 0.281 seconds
