[2026-04-09T10:15:27.028+0000] {taskinstance.py:1957} INFO - Dependencies all met for dep_context=non-requeueable deps ti=<TaskInstance: exercice_jour2.branch_on_number manual__2026-04-09T10:15:21.207319+00:00 [queued]>
[2026-04-09T10:15:27.034+0000] {taskinstance.py:1957} INFO - Dependencies all met for dep_context=requeueable deps ti=<TaskInstance: exercice_jour2.branch_on_number manual__2026-04-09T10:15:21.207319+00:00 [queued]>
[2026-04-09T10:15:27.035+0000] {taskinstance.py:2171} INFO - Starting attempt 1 of 1
[2026-04-09T10:15:27.043+0000] {taskinstance.py:2192} INFO - Executing <Task(BranchPythonOperator): branch_on_number> on 2026-04-09 10:15:21.207319+00:00
[2026-04-09T10:15:27.049+0000] {standard_task_runner.py:60} INFO - Started process 76 to run task
[2026-04-09T10:15:27.052+0000] {standard_task_runner.py:87} INFO - Running: ['***', 'tasks', 'run', 'exercice_jour2', 'branch_on_number', 'manual__2026-04-09T10:15:21.207319+00:00', '--job-id', '5', '--raw', '--subdir', 'DAGS_FOLDER/random_number.py', '--cfg-path', '/tmp/tmp7utpkexq']
[2026-04-09T10:15:27.054+0000] {standard_task_runner.py:88} INFO - Job 5: Subtask branch_on_number
[2026-04-09T10:15:27.092+0000] {task_command.py:423} INFO - Running <TaskInstance: exercice_jour2.branch_on_number manual__2026-04-09T10:15:21.207319+00:00 [running]> on host d5ed6e53f0d8
[2026-04-09T10:15:27.148+0000] {taskinstance.py:2481} INFO - Exporting env vars: AIRFLOW_CTX_DAG_OWNER='***' AIRFLOW_CTX_DAG_ID='exercice_jour2' AIRFLOW_CTX_TASK_ID='branch_on_number' AIRFLOW_CTX_EXECUTION_DATE='2026-04-09T10:15:21.207319+00:00' AIRFLOW_CTX_TRY_NUMBER='1' AIRFLOW_CTX_DAG_RUN_ID='manual__2026-04-09T10:15:21.207319+00:00'
[2026-04-09T10:15:27.157+0000] {python.py:201} INFO - Done. Returned value was: <function impair at 0x70ea985d64c0>
[2026-04-09T10:15:27.158+0000] {branch.py:35} INFO - Branch into <function impair at 0x70ea985d64c0>
[2026-04-09T10:15:27.158+0000] {skipmixin.py:178} INFO - Following branch <function impair at 0x70ea985d64c0>
[2026-04-09T10:15:27.166+0000] {taskinstance.py:2699} ERROR - Task failed with exception
Traceback (most recent call last):
  File "/home/airflow/.local/lib/python3.8/site-packages/airflow/models/taskinstance.py", line 433, in _execute_task
    result = execute_callable(context=context, **execute_callable_kwargs)
  File "/home/airflow/.local/lib/python3.8/site-packages/airflow/operators/python.py", line 233, in execute
    return self.do_branch(context, super().execute(context))
  File "/home/airflow/.local/lib/python3.8/site-packages/airflow/operators/branch.py", line 36, in do_branch
    self.skip_all_except(context["ti"], branches_to_execute)
  File "/home/airflow/.local/lib/python3.8/site-packages/airflow/models/skipmixin.py", line 194, in skip_all_except
    raise AirflowException(
airflow.exceptions.AirflowException: 'branch_task_ids' must be either None, a task ID, or an Iterable of IDs, but got 'function'.
[2026-04-09T10:15:27.171+0000] {taskinstance.py:1138} INFO - Marking task as FAILED. dag_id=exercice_jour2, task_id=branch_on_number, execution_date=20260409T101521, start_date=20260409T101527, end_date=20260409T101527
[2026-04-09T10:15:27.181+0000] {standard_task_runner.py:107} ERROR - Failed to execute job 5 for task branch_on_number ('branch_task_ids' must be either None, a task ID, or an Iterable of IDs, but got 'function'.; 76)
[2026-04-09T10:15:27.224+0000] {local_task_job_runner.py:234} INFO - Task exited with return code 1
[2026-04-09T10:15:27.270+0000] {taskinstance.py:3281} INFO - 0 downstream tasks scheduled from follow-on schedule check
