[2026-04-09T07:40:25.115+0000] {taskinstance.py:1957} INFO - Dependencies all met for dep_context=non-requeueable deps ti=<TaskInstance: energie_meteo_dag.collecter_production_electrique manual__2026-04-09T07:40:21.296346+00:00 [queued]>
[2026-04-09T07:40:25.124+0000] {taskinstance.py:1957} INFO - Dependencies all met for dep_context=requeueable deps ti=<TaskInstance: energie_meteo_dag.collecter_production_electrique manual__2026-04-09T07:40:21.296346+00:00 [queued]>
[2026-04-09T07:40:25.125+0000] {taskinstance.py:2171} INFO - Starting attempt 1 of 3
[2026-04-09T07:40:25.137+0000] {taskinstance.py:2192} INFO - Executing <Task(PythonOperator): collecter_production_electrique> on 2026-04-09 07:40:21.296346+00:00
[2026-04-09T07:40:25.144+0000] {standard_task_runner.py:60} INFO - Started process 3998 to run task
[2026-04-09T07:40:25.146+0000] {standard_task_runner.py:87} INFO - Running: ['***', 'tasks', 'run', 'energie_meteo_dag', 'collecter_production_electrique', 'manual__2026-04-09T07:40:21.296346+00:00', '--job-id', '76', '--raw', '--subdir', 'DAGS_FOLDER/energie_meteo.py', '--cfg-path', '/tmp/tmpam0pasq5']
[2026-04-09T07:40:25.149+0000] {standard_task_runner.py:88} INFO - Job 76: Subtask collecter_production_electrique
[2026-04-09T07:40:25.211+0000] {task_command.py:423} INFO - Running <TaskInstance: energie_meteo_dag.collecter_production_electrique manual__2026-04-09T07:40:21.296346+00:00 [running]> on host 1ac10858d911
[2026-04-09T07:40:25.283+0000] {taskinstance.py:2481} INFO - Exporting env vars: AIRFLOW_CTX_DAG_OWNER='rte-data-team' AIRFLOW_CTX_DAG_ID='energie_meteo_dag' AIRFLOW_CTX_TASK_ID='collecter_production_electrique' AIRFLOW_CTX_EXECUTION_DATE='2026-04-09T07:40:21.296346+00:00' AIRFLOW_CTX_TRY_NUMBER='1' AIRFLOW_CTX_DAG_RUN_ID='manual__2026-04-09T07:40:21.296346+00:00'
[2026-04-09T07:40:25.531+0000] {energie_meteo.py:138} INFO - Île-de-France - Solaire: 0.00 MW, Éolien: 0.00 MW
[2026-04-09T07:40:25.531+0000] {energie_meteo.py:138} INFO - Occitanie - Solaire: 0.00 MW, Éolien: 0.00 MW
[2026-04-09T07:40:25.532+0000] {energie_meteo.py:138} INFO - Nouvelle-Aquitaine - Solaire: 0.00 MW, Éolien: 0.00 MW
[2026-04-09T07:40:25.532+0000] {energie_meteo.py:138} INFO - Auvergne-Rhône-Alpes - Solaire: 0.00 MW, Éolien: 0.00 MW
[2026-04-09T07:40:25.533+0000] {energie_meteo.py:138} INFO - Hauts-de-France - Solaire: 0.00 MW, Éolien: 0.00 MW
[2026-04-09T07:40:25.534+0000] {logging_mixin.py:188} INFO - {'Auvergne-Rhône-Alpes': {'eolien_mw': 0.0, 'solaire_mw': 0.0},
 'Hauts-de-France': {'eolien_mw': 0.0, 'solaire_mw': 0.0},
 'Nouvelle-Aquitaine': {'eolien_mw': 0.0, 'solaire_mw': 0.0},
 'Occitanie': {'eolien_mw': 0.0, 'solaire_mw': 0.0},
 'Île-de-France': {'eolien_mw': 0.0, 'solaire_mw': 0.0}}
[2026-04-09T07:40:25.536+0000] {python.py:201} INFO - Done. Returned value was: {'Île-de-France': {'solaire_mw': 0.0, 'eolien_mw': 0.0}, 'Occitanie': {'solaire_mw': 0.0, 'eolien_mw': 0.0}, 'Nouvelle-Aquitaine': {'solaire_mw': 0.0, 'eolien_mw': 0.0}, 'Auvergne-Rhône-Alpes': {'solaire_mw': 0.0, 'eolien_mw': 0.0}, 'Hauts-de-France': {'solaire_mw': 0.0, 'eolien_mw': 0.0}}
[2026-04-09T07:40:25.566+0000] {taskinstance.py:1138} INFO - Marking task as SUCCESS. dag_id=energie_meteo_dag, task_id=collecter_production_electrique, execution_date=20260409T074021, start_date=20260409T074025, end_date=20260409T074025
[2026-04-09T07:40:25.602+0000] {local_task_job_runner.py:234} INFO - Task exited with return code 0
[2026-04-09T07:40:25.656+0000] {taskinstance.py:3281} INFO - 0 downstream tasks scheduled from follow-on schedule check
