[2026-04-13T08:07:20.600+0000] {processor.py:161} INFO - Started process (PID=950) to work on /opt/airflow/dags/logs_ecommerce_dag.py
[2026-04-13T08:07:20.603+0000] {processor.py:830} INFO - Processing file /opt/airflow/dags/logs_ecommerce_dag.py for tasks to queue
[2026-04-13T08:07:20.604+0000] {logging_mixin.py:188} INFO - [2026-04-13T08:07:20.604+0000] {dagbag.py:538} INFO - Filling up the DagBag from /opt/airflow/dags/logs_ecommerce_dag.py
[2026-04-13T08:07:20.620+0000] {processor.py:840} INFO - DAG(s) 'logs_ecommerce_dag' retrieved from /opt/airflow/dags/logs_ecommerce_dag.py
[2026-04-13T08:07:20.718+0000] {logging_mixin.py:188} INFO - [2026-04-13T08:07:20.717+0000] {dag.py:3033} INFO - Sync 1 DAGs
[2026-04-13T08:07:20.802+0000] {logging_mixin.py:188} INFO - [2026-04-13T08:07:20.802+0000] {dag.py:3820} INFO - Setting next_dagrun for logs_ecommerce_dag to None, run_after=None
[2026-04-13T08:07:20.920+0000] {processor.py:183} INFO - Processing /opt/airflow/dags/logs_ecommerce_dag.py took 0.328 seconds
[2026-04-13T08:07:51.886+0000] {processor.py:161} INFO - Started process (PID=957) to work on /opt/airflow/dags/logs_ecommerce_dag.py
[2026-04-13T08:07:51.887+0000] {processor.py:830} INFO - Processing file /opt/airflow/dags/logs_ecommerce_dag.py for tasks to queue
[2026-04-13T08:07:51.888+0000] {logging_mixin.py:188} INFO - [2026-04-13T08:07:51.887+0000] {dagbag.py:538} INFO - Filling up the DagBag from /opt/airflow/dags/logs_ecommerce_dag.py
[2026-04-13T08:07:51.897+0000] {processor.py:840} INFO - DAG(s) 'logs_ecommerce_dag' retrieved from /opt/airflow/dags/logs_ecommerce_dag.py
[2026-04-13T08:07:51.925+0000] {logging_mixin.py:188} INFO - [2026-04-13T08:07:51.925+0000] {dag.py:3033} INFO - Sync 1 DAGs
[2026-04-13T08:07:51.937+0000] {logging_mixin.py:188} INFO - [2026-04-13T08:07:51.937+0000] {dag.py:3820} INFO - Setting next_dagrun for logs_ecommerce_dag to None, run_after=None
[2026-04-13T08:07:51.950+0000] {processor.py:183} INFO - Processing /opt/airflow/dags/logs_ecommerce_dag.py took 0.067 seconds
[2026-04-13T08:08:22.040+0000] {processor.py:161} INFO - Started process (PID=962) to work on /opt/airflow/dags/logs_ecommerce_dag.py
[2026-04-13T08:08:22.040+0000] {processor.py:830} INFO - Processing file /opt/airflow/dags/logs_ecommerce_dag.py for tasks to queue
[2026-04-13T08:08:22.041+0000] {logging_mixin.py:188} INFO - [2026-04-13T08:08:22.041+0000] {dagbag.py:538} INFO - Filling up the DagBag from /opt/airflow/dags/logs_ecommerce_dag.py
[2026-04-13T08:08:22.049+0000] {processor.py:840} INFO - DAG(s) 'logs_ecommerce_dag' retrieved from /opt/airflow/dags/logs_ecommerce_dag.py
[2026-04-13T08:08:22.069+0000] {logging_mixin.py:188} INFO - [2026-04-13T08:08:22.068+0000] {dag.py:3033} INFO - Sync 1 DAGs
[2026-04-13T08:08:22.078+0000] {logging_mixin.py:188} INFO - [2026-04-13T08:08:22.077+0000] {dag.py:3820} INFO - Setting next_dagrun for logs_ecommerce_dag to None, run_after=None
[2026-04-13T08:08:22.091+0000] {processor.py:183} INFO - Processing /opt/airflow/dags/logs_ecommerce_dag.py took 0.055 seconds
[2026-04-13T08:08:52.211+0000] {processor.py:161} INFO - Started process (PID=967) to work on /opt/airflow/dags/logs_ecommerce_dag.py
[2026-04-13T08:08:52.211+0000] {processor.py:830} INFO - Processing file /opt/airflow/dags/logs_ecommerce_dag.py for tasks to queue
[2026-04-13T08:08:52.212+0000] {logging_mixin.py:188} INFO - [2026-04-13T08:08:52.212+0000] {dagbag.py:538} INFO - Filling up the DagBag from /opt/airflow/dags/logs_ecommerce_dag.py
[2026-04-13T08:08:52.222+0000] {processor.py:840} INFO - DAG(s) 'logs_ecommerce_dag' retrieved from /opt/airflow/dags/logs_ecommerce_dag.py
[2026-04-13T08:08:52.242+0000] {logging_mixin.py:188} INFO - [2026-04-13T08:08:52.242+0000] {dag.py:3033} INFO - Sync 1 DAGs
[2026-04-13T08:08:52.252+0000] {logging_mixin.py:188} INFO - [2026-04-13T08:08:52.252+0000] {dag.py:3820} INFO - Setting next_dagrun for logs_ecommerce_dag to None, run_after=None
[2026-04-13T08:08:52.265+0000] {processor.py:183} INFO - Processing /opt/airflow/dags/logs_ecommerce_dag.py took 0.056 seconds
[2026-04-13T08:09:22.363+0000] {processor.py:161} INFO - Started process (PID=972) to work on /opt/airflow/dags/logs_ecommerce_dag.py
[2026-04-13T08:09:22.364+0000] {processor.py:830} INFO - Processing file /opt/airflow/dags/logs_ecommerce_dag.py for tasks to queue
[2026-04-13T08:09:22.365+0000] {logging_mixin.py:188} INFO - [2026-04-13T08:09:22.365+0000] {dagbag.py:538} INFO - Filling up the DagBag from /opt/airflow/dags/logs_ecommerce_dag.py
[2026-04-13T08:09:22.381+0000] {processor.py:840} INFO - DAG(s) 'logs_ecommerce_dag' retrieved from /opt/airflow/dags/logs_ecommerce_dag.py
[2026-04-13T08:09:22.428+0000] {logging_mixin.py:188} INFO - [2026-04-13T08:09:22.428+0000] {dag.py:3033} INFO - Sync 1 DAGs
[2026-04-13T08:09:22.440+0000] {logging_mixin.py:188} INFO - [2026-04-13T08:09:22.440+0000] {dag.py:3820} INFO - Setting next_dagrun for logs_ecommerce_dag to None, run_after=None
[2026-04-13T08:09:22.454+0000] {processor.py:183} INFO - Processing /opt/airflow/dags/logs_ecommerce_dag.py took 0.098 seconds
[2026-04-13T08:09:52.539+0000] {processor.py:161} INFO - Started process (PID=977) to work on /opt/airflow/dags/logs_ecommerce_dag.py
[2026-04-13T08:09:52.540+0000] {processor.py:830} INFO - Processing file /opt/airflow/dags/logs_ecommerce_dag.py for tasks to queue
[2026-04-13T08:09:52.540+0000] {logging_mixin.py:188} INFO - [2026-04-13T08:09:52.540+0000] {dagbag.py:538} INFO - Filling up the DagBag from /opt/airflow/dags/logs_ecommerce_dag.py
[2026-04-13T08:09:52.548+0000] {processor.py:840} INFO - DAG(s) 'logs_ecommerce_dag' retrieved from /opt/airflow/dags/logs_ecommerce_dag.py
[2026-04-13T08:09:52.567+0000] {logging_mixin.py:188} INFO - [2026-04-13T08:09:52.567+0000] {dag.py:3033} INFO - Sync 1 DAGs
[2026-04-13T08:09:52.576+0000] {logging_mixin.py:188} INFO - [2026-04-13T08:09:52.576+0000] {dag.py:3820} INFO - Setting next_dagrun for logs_ecommerce_dag to None, run_after=None
[2026-04-13T08:09:52.589+0000] {processor.py:183} INFO - Processing /opt/airflow/dags/logs_ecommerce_dag.py took 0.053 seconds
[2026-04-13T08:10:22.737+0000] {processor.py:161} INFO - Started process (PID=982) to work on /opt/airflow/dags/logs_ecommerce_dag.py
[2026-04-13T08:10:22.738+0000] {processor.py:830} INFO - Processing file /opt/airflow/dags/logs_ecommerce_dag.py for tasks to queue
[2026-04-13T08:10:22.738+0000] {logging_mixin.py:188} INFO - [2026-04-13T08:10:22.738+0000] {dagbag.py:538} INFO - Filling up the DagBag from /opt/airflow/dags/logs_ecommerce_dag.py
[2026-04-13T08:10:22.746+0000] {processor.py:840} INFO - DAG(s) 'logs_ecommerce_dag' retrieved from /opt/airflow/dags/logs_ecommerce_dag.py
[2026-04-13T08:10:22.766+0000] {logging_mixin.py:188} INFO - [2026-04-13T08:10:22.766+0000] {dag.py:3033} INFO - Sync 1 DAGs
[2026-04-13T08:10:22.776+0000] {logging_mixin.py:188} INFO - [2026-04-13T08:10:22.775+0000] {dag.py:3820} INFO - Setting next_dagrun for logs_ecommerce_dag to None, run_after=None
[2026-04-13T08:10:22.790+0000] {processor.py:183} INFO - Processing /opt/airflow/dags/logs_ecommerce_dag.py took 0.056 seconds
[2026-04-13T08:10:52.879+0000] {processor.py:161} INFO - Started process (PID=987) to work on /opt/airflow/dags/logs_ecommerce_dag.py
[2026-04-13T08:10:52.880+0000] {processor.py:830} INFO - Processing file /opt/airflow/dags/logs_ecommerce_dag.py for tasks to queue
[2026-04-13T08:10:52.881+0000] {logging_mixin.py:188} INFO - [2026-04-13T08:10:52.881+0000] {dagbag.py:538} INFO - Filling up the DagBag from /opt/airflow/dags/logs_ecommerce_dag.py
[2026-04-13T08:10:52.890+0000] {processor.py:840} INFO - DAG(s) 'logs_ecommerce_dag' retrieved from /opt/airflow/dags/logs_ecommerce_dag.py
[2026-04-13T08:10:52.910+0000] {logging_mixin.py:188} INFO - [2026-04-13T08:10:52.909+0000] {dag.py:3033} INFO - Sync 1 DAGs
[2026-04-13T08:10:52.919+0000] {logging_mixin.py:188} INFO - [2026-04-13T08:10:52.918+0000] {dag.py:3820} INFO - Setting next_dagrun for logs_ecommerce_dag to None, run_after=None
[2026-04-13T08:10:52.931+0000] {processor.py:183} INFO - Processing /opt/airflow/dags/logs_ecommerce_dag.py took 0.057 seconds
[2026-04-13T08:11:23.057+0000] {processor.py:161} INFO - Started process (PID=992) to work on /opt/airflow/dags/logs_ecommerce_dag.py
[2026-04-13T08:11:23.058+0000] {processor.py:830} INFO - Processing file /opt/airflow/dags/logs_ecommerce_dag.py for tasks to queue
[2026-04-13T08:11:23.059+0000] {logging_mixin.py:188} INFO - [2026-04-13T08:11:23.058+0000] {dagbag.py:538} INFO - Filling up the DagBag from /opt/airflow/dags/logs_ecommerce_dag.py
[2026-04-13T08:11:23.068+0000] {processor.py:840} INFO - DAG(s) 'logs_ecommerce_dag' retrieved from /opt/airflow/dags/logs_ecommerce_dag.py
[2026-04-13T08:11:23.089+0000] {logging_mixin.py:188} INFO - [2026-04-13T08:11:23.089+0000] {dag.py:3033} INFO - Sync 1 DAGs
[2026-04-13T08:11:23.098+0000] {logging_mixin.py:188} INFO - [2026-04-13T08:11:23.098+0000] {dag.py:3820} INFO - Setting next_dagrun for logs_ecommerce_dag to None, run_after=None
[2026-04-13T08:11:23.111+0000] {processor.py:183} INFO - Processing /opt/airflow/dags/logs_ecommerce_dag.py took 0.056 seconds
[2026-04-13T08:11:53.207+0000] {processor.py:161} INFO - Started process (PID=997) to work on /opt/airflow/dags/logs_ecommerce_dag.py
[2026-04-13T08:11:53.208+0000] {processor.py:830} INFO - Processing file /opt/airflow/dags/logs_ecommerce_dag.py for tasks to queue
[2026-04-13T08:11:53.209+0000] {logging_mixin.py:188} INFO - [2026-04-13T08:11:53.209+0000] {dagbag.py:538} INFO - Filling up the DagBag from /opt/airflow/dags/logs_ecommerce_dag.py
[2026-04-13T08:11:53.218+0000] {processor.py:840} INFO - DAG(s) 'logs_ecommerce_dag' retrieved from /opt/airflow/dags/logs_ecommerce_dag.py
[2026-04-13T08:11:53.238+0000] {logging_mixin.py:188} INFO - [2026-04-13T08:11:53.238+0000] {dag.py:3033} INFO - Sync 1 DAGs
[2026-04-13T08:11:53.246+0000] {logging_mixin.py:188} INFO - [2026-04-13T08:11:53.246+0000] {dag.py:3820} INFO - Setting next_dagrun for logs_ecommerce_dag to None, run_after=None
[2026-04-13T08:11:53.260+0000] {processor.py:183} INFO - Processing /opt/airflow/dags/logs_ecommerce_dag.py took 0.057 seconds
[2026-04-13T08:12:23.398+0000] {processor.py:161} INFO - Started process (PID=1002) to work on /opt/airflow/dags/logs_ecommerce_dag.py
[2026-04-13T08:12:23.399+0000] {processor.py:830} INFO - Processing file /opt/airflow/dags/logs_ecommerce_dag.py for tasks to queue
[2026-04-13T08:12:23.400+0000] {logging_mixin.py:188} INFO - [2026-04-13T08:12:23.400+0000] {dagbag.py:538} INFO - Filling up the DagBag from /opt/airflow/dags/logs_ecommerce_dag.py
[2026-04-13T08:12:23.411+0000] {processor.py:840} INFO - DAG(s) 'logs_ecommerce_dag' retrieved from /opt/airflow/dags/logs_ecommerce_dag.py
[2026-04-13T08:12:23.440+0000] {logging_mixin.py:188} INFO - [2026-04-13T08:12:23.440+0000] {dag.py:3033} INFO - Sync 1 DAGs
[2026-04-13T08:12:23.453+0000] {logging_mixin.py:188} INFO - [2026-04-13T08:12:23.453+0000] {dag.py:3820} INFO - Setting next_dagrun for logs_ecommerce_dag to None, run_after=None
[2026-04-13T08:12:23.469+0000] {processor.py:183} INFO - Processing /opt/airflow/dags/logs_ecommerce_dag.py took 0.074 seconds
