[2026-04-08T12:14:40.636+0000] {taskinstance.py:1957} INFO - Dependencies all met for dep_context=non-requeueable deps ti=<TaskInstance: energie_meteo_dag.generer_rapport_energie manual__2026-04-08T12:10:11.029459+00:00 [queued]>
[2026-04-08T12:14:40.646+0000] {taskinstance.py:1957} INFO - Dependencies all met for dep_context=requeueable deps ti=<TaskInstance: energie_meteo_dag.generer_rapport_energie manual__2026-04-08T12:10:11.029459+00:00 [queued]>
[2026-04-08T12:14:40.646+0000] {taskinstance.py:2171} INFO - Starting attempt 3 of 5
[2026-04-08T12:14:40.661+0000] {taskinstance.py:2192} INFO - Executing <Task(PythonOperator): generer_rapport_energie> on 2026-04-08 12:10:11.029459+00:00
[2026-04-08T12:14:40.670+0000] {standard_task_runner.py:60} INFO - Started process 668 to run task
[2026-04-08T12:14:40.674+0000] {standard_task_runner.py:87} INFO - Running: ['***', 'tasks', 'run', 'energie_meteo_dag', 'generer_rapport_energie', 'manual__2026-04-08T12:10:11.029459+00:00', '--job-id', '45', '--raw', '--subdir', 'DAGS_FOLDER/energie_meteo.py', '--cfg-path', '/tmp/tmpipnubb6e']
[2026-04-08T12:14:40.676+0000] {standard_task_runner.py:88} INFO - Job 45: Subtask generer_rapport_energie
[2026-04-08T12:14:40.715+0000] {task_command.py:423} INFO - Running <TaskInstance: energie_meteo_dag.generer_rapport_energie manual__2026-04-08T12:10:11.029459+00:00 [running]> on host 2b261882dd28
[2026-04-08T12:14:40.780+0000] {taskinstance.py:2481} INFO - Exporting env vars: AIRFLOW_CTX_DAG_OWNER='rte-data-team' AIRFLOW_CTX_DAG_ID='energie_meteo_dag' AIRFLOW_CTX_TASK_ID='generer_rapport_energie' AIRFLOW_CTX_EXECUTION_DATE='2026-04-08T12:10:11.029459+00:00' AIRFLOW_CTX_TRY_NUMBER='3' AIRFLOW_CTX_DAG_RUN_ID='manual__2026-04-08T12:10:11.029459+00:00'
[2026-04-08T12:14:40.791+0000] {logging_mixin.py:188} INFO - 
================================================================================
[2026-04-08T12:14:40.792+0000] {logging_mixin.py:188} INFO -  RAPPORT ENERGIE & METEO — RTE — 2026-04-08
[2026-04-08T12:14:40.792+0000] {logging_mixin.py:188} INFO - ================================================================================
[2026-04-08T12:14:40.792+0000] {logging_mixin.py:188} INFO - Region                    Soleil (h)  Vent (km/h)  Solaire (MW)  Eolien (MW)   Statut
[2026-04-08T12:14:40.792+0000] {logging_mixin.py:188} INFO - --------------------------------------------------------------------------------
[2026-04-08T12:14:40.792+0000] {logging_mixin.py:188} INFO - ================================================================================
[2026-04-08T12:14:40.795+0000] {energie_meteo.py:244} INFO - Rapport sauvegarde : /tmp/rapport_energie_2026-04-08.json
[2026-04-08T12:14:40.795+0000] {python.py:201} INFO - Done. Returned value was: /tmp/rapport_energie_2026-04-08.json
[2026-04-08T12:14:40.816+0000] {taskinstance.py:1138} INFO - Marking task as SUCCESS. dag_id=energie_meteo_dag, task_id=generer_rapport_energie, execution_date=20260408T121011, start_date=20260408T121440, end_date=20260408T121440
[2026-04-08T12:14:40.846+0000] {local_task_job_runner.py:234} INFO - Task exited with return code 0
[2026-04-08T12:14:40.896+0000] {taskinstance.py:3281} INFO - 0 downstream tasks scheduled from follow-on schedule check
