[2026-04-08T12:18:56.324+0000] {taskinstance.py:1957} INFO - Dependencies all met for dep_context=non-requeueable deps ti=<TaskInstance: energie_meteo_dag.generer_rapport_energie manual__2026-04-08T12:18:46.796306+00:00 [queued]>
[2026-04-08T12:18:56.336+0000] {taskinstance.py:1957} INFO - Dependencies all met for dep_context=requeueable deps ti=<TaskInstance: energie_meteo_dag.generer_rapport_energie manual__2026-04-08T12:18:46.796306+00:00 [queued]>
[2026-04-08T12:18:56.336+0000] {taskinstance.py:2171} INFO - Starting attempt 1 of 3
[2026-04-08T12:18:56.351+0000] {taskinstance.py:2192} INFO - Executing <Task(PythonOperator): generer_rapport_energie> on 2026-04-08 12:18:46.796306+00:00
[2026-04-08T12:18:56.359+0000] {standard_task_runner.py:60} INFO - Started process 747 to run task
[2026-04-08T12:18:56.362+0000] {standard_task_runner.py:87} INFO - Running: ['***', 'tasks', 'run', 'energie_meteo_dag', 'generer_rapport_energie', 'manual__2026-04-08T12:18:46.796306+00:00', '--job-id', '50', '--raw', '--subdir', 'DAGS_FOLDER/energie_meteo.py', '--cfg-path', '/tmp/tmpvbnkyzpe']
[2026-04-08T12:18:56.365+0000] {standard_task_runner.py:88} INFO - Job 50: Subtask generer_rapport_energie
[2026-04-08T12:18:56.417+0000] {task_command.py:423} INFO - Running <TaskInstance: energie_meteo_dag.generer_rapport_energie manual__2026-04-08T12:18:46.796306+00:00 [running]> on host 2b261882dd28
[2026-04-08T12:18:56.485+0000] {taskinstance.py:2481} INFO - Exporting env vars: AIRFLOW_CTX_DAG_OWNER='rte-data-team' AIRFLOW_CTX_DAG_ID='energie_meteo_dag' AIRFLOW_CTX_TASK_ID='generer_rapport_energie' AIRFLOW_CTX_EXECUTION_DATE='2026-04-08T12:18:46.796306+00:00' AIRFLOW_CTX_TRY_NUMBER='1' AIRFLOW_CTX_DAG_RUN_ID='manual__2026-04-08T12:18:46.796306+00:00'
[2026-04-08T12:18:56.496+0000] {logging_mixin.py:188} INFO - 
================================================================================
[2026-04-08T12:18:56.497+0000] {logging_mixin.py:188} INFO -  RAPPORT ENERGIE & METEO — RTE — 2026-04-08
[2026-04-08T12:18:56.497+0000] {logging_mixin.py:188} INFO - ================================================================================
[2026-04-08T12:18:56.497+0000] {logging_mixin.py:188} INFO - Region                    Soleil (h)  Vent (km/h)  Solaire (MW)  Eolien (MW)   Statut
[2026-04-08T12:18:56.497+0000] {logging_mixin.py:188} INFO - --------------------------------------------------------------------------------
[2026-04-08T12:18:56.497+0000] {logging_mixin.py:188} INFO - Île-de-France                   12.3          6.6             0            0   ALERTE
[2026-04-08T12:18:56.497+0000] {logging_mixin.py:188} INFO - Occitanie                       12.1         13.5             0            0   ALERTE
[2026-04-08T12:18:56.497+0000] {logging_mixin.py:188} INFO - Nouvelle-Aquitaine              12.4          9.8           478          391   ALERTE
[2026-04-08T12:18:56.498+0000] {logging_mixin.py:188} INFO - Auvergne-Rhône-Alpes            12.6          9.3             0            0   ALERTE
[2026-04-08T12:18:56.498+0000] {logging_mixin.py:188} INFO - Hauts-de-France                 12.1          9.7             0            0   ALERTE
[2026-04-08T12:18:56.498+0000] {logging_mixin.py:188} INFO - ================================================================================
[2026-04-08T12:18:56.500+0000] {energie_meteo.py:242} INFO - Rapport sauvegarde : /tmp/rapport_energie_2026-04-08.json
[2026-04-08T12:18:56.500+0000] {python.py:201} INFO - Done. Returned value was: /tmp/rapport_energie_2026-04-08.json
[2026-04-08T12:18:56.523+0000] {taskinstance.py:1138} INFO - Marking task as SUCCESS. dag_id=energie_meteo_dag, task_id=generer_rapport_energie, execution_date=20260408T121846, start_date=20260408T121856, end_date=20260408T121856
[2026-04-08T12:18:56.574+0000] {local_task_job_runner.py:234} INFO - Task exited with return code 0
[2026-04-08T12:18:56.634+0000] {taskinstance.py:3281} INFO - 0 downstream tasks scheduled from follow-on schedule check
