[2026-04-09T14:14:48.274+0000] {manager.py:469} INFO - Processing files using up to 2 processes at a time 
[2026-04-09T14:14:48.274+0000] {manager.py:470} INFO - Process each file at most once every 30 seconds
[2026-04-09T14:14:48.274+0000] {manager.py:471} INFO - Checking for new files in /opt/airflow/dags every 300 seconds
[2026-04-09T14:14:48.274+0000] {manager.py:738} INFO - Searching for files in /opt/airflow/dags
[2026-04-09T14:14:48.275+0000] {manager.py:741} INFO - There are 1 files in /opt/airflow/dags
[2026-04-09T14:14:48.339+0000] {manager.py:879} INFO - 
================================================================================
DAG File Processing Stats

File Path                                  PID  Runtime      # DAGs    # Errors  Last Runtime    Last Run
---------------------------------------  -----  ---------  --------  ----------  --------------  ----------
/opt/airflow/dags/logs_ecommerce_dag.py    174  0.03s             0           0
================================================================================
[2026-04-09T14:15:18.482+0000] {manager.py:879} INFO - 
================================================================================
DAG File Processing Stats

File Path                                  PID  Runtime      # DAGs    # Errors  Last Runtime    Last Run
---------------------------------------  -----  ---------  --------  ----------  --------------  -------------------
/opt/airflow/dags/logs_ecommerce_dag.py    180  0.00s             1           0  0.16s           2026-04-09T14:14:48
================================================================================
[2026-04-09T14:15:48.654+0000] {manager.py:879} INFO - 
================================================================================
DAG File Processing Stats

File Path                                  PID  Runtime      # DAGs    # Errors  Last Runtime    Last Run
---------------------------------------  -----  ---------  --------  ----------  --------------  -------------------
/opt/airflow/dags/logs_ecommerce_dag.py    185  0.01s             1           0  0.06s           2026-04-09T14:15:18
================================================================================
[2026-04-09T14:16:18.808+0000] {manager.py:879} INFO - 
================================================================================
DAG File Processing Stats

File Path                                  PID  Runtime      # DAGs    # Errors  Last Runtime    Last Run
---------------------------------------  -----  ---------  --------  ----------  --------------  -------------------
/opt/airflow/dags/logs_ecommerce_dag.py    190  0.01s             1           0  0.07s           2026-04-09T14:15:48
================================================================================
[2026-04-09T14:16:49.002+0000] {manager.py:879} INFO - 
================================================================================
DAG File Processing Stats

File Path                                  PID  Runtime      # DAGs    # Errors  Last Runtime    Last Run
---------------------------------------  -----  ---------  --------  ----------  --------------  -------------------
/opt/airflow/dags/logs_ecommerce_dag.py    195  0.01s             1           0  0.07s           2026-04-09T14:16:18
================================================================================
[2026-04-09T14:17:19.168+0000] {manager.py:879} INFO - 
================================================================================
DAG File Processing Stats

File Path                                  PID  Runtime      # DAGs    # Errors  Last Runtime    Last Run
---------------------------------------  -----  ---------  --------  ----------  --------------  -------------------
/opt/airflow/dags/logs_ecommerce_dag.py    200  0.00s             1           0  0.07s           2026-04-09T14:16:49
================================================================================
[2026-04-09T14:17:34.571+0000] {manager.py:451} INFO - Exiting gracefully upon receiving signal 15
[2026-04-09T14:34:46.886+0000] {manager.py:469} INFO - Processing files using up to 2 processes at a time 
[2026-04-09T14:34:46.887+0000] {manager.py:470} INFO - Process each file at most once every 30 seconds
[2026-04-09T14:34:46.887+0000] {manager.py:471} INFO - Checking for new files in /opt/airflow/dags every 300 seconds
[2026-04-09T14:34:46.888+0000] {manager.py:738} INFO - Searching for files in /opt/airflow/dags
[2026-04-09T14:34:46.890+0000] {manager.py:741} INFO - There are 1 files in /opt/airflow/dags
[2026-04-09T14:34:46.983+0000] {manager.py:879} INFO - 
================================================================================
DAG File Processing Stats

File Path                                  PID  Runtime      # DAGs    # Errors  Last Runtime    Last Run
---------------------------------------  -----  ---------  --------  ----------  --------------  ----------
/opt/airflow/dags/logs_ecommerce_dag.py    162  0.03s             0           0
================================================================================
[2026-04-09T14:35:17.110+0000] {manager.py:879} INFO - 
================================================================================
DAG File Processing Stats

File Path                                PID    Runtime      # DAGs    # Errors  Last Runtime    Last Run
---------------------------------------  -----  ---------  --------  ----------  --------------  -------------------
/opt/airflow/dags/logs_ecommerce_dag.py                           1           0  0.31s           2026-04-09T14:34:47
================================================================================
[2026-04-09T14:35:47.579+0000] {manager.py:879} INFO - 
================================================================================
DAG File Processing Stats

File Path                                  PID  Runtime      # DAGs    # Errors  Last Runtime    Last Run
---------------------------------------  -----  ---------  --------  ----------  --------------  -------------------
/opt/airflow/dags/logs_ecommerce_dag.py    173  0.01s             1           0  0.07s           2026-04-09T14:35:17
================================================================================
[2026-04-09T14:36:17.764+0000] {manager.py:879} INFO - 
================================================================================
DAG File Processing Stats

File Path                                  PID  Runtime      # DAGs    # Errors  Last Runtime    Last Run
---------------------------------------  -----  ---------  --------  ----------  --------------  -------------------
/opt/airflow/dags/logs_ecommerce_dag.py    178  0.01s             1           0  0.07s           2026-04-09T14:35:47
================================================================================
[2026-04-09T14:36:47.935+0000] {manager.py:879} INFO - 
================================================================================
DAG File Processing Stats

File Path                                  PID  Runtime      # DAGs    # Errors  Last Runtime    Last Run
---------------------------------------  -----  ---------  --------  ----------  --------------  -------------------
/opt/airflow/dags/logs_ecommerce_dag.py    183  0.00s             1           0  0.06s           2026-04-09T14:36:17
================================================================================
[2026-04-09T14:37:18.130+0000] {manager.py:879} INFO - 
================================================================================
DAG File Processing Stats

File Path                                  PID  Runtime      # DAGs    # Errors  Last Runtime    Last Run
---------------------------------------  -----  ---------  --------  ----------  --------------  -------------------
/opt/airflow/dags/logs_ecommerce_dag.py    188  0.00s             1           0  0.07s           2026-04-09T14:36:47
================================================================================
[2026-04-09T14:37:48.314+0000] {manager.py:879} INFO - 
================================================================================
DAG File Processing Stats

File Path                                  PID  Runtime      # DAGs    # Errors  Last Runtime    Last Run
---------------------------------------  -----  ---------  --------  ----------  --------------  -------------------
/opt/airflow/dags/logs_ecommerce_dag.py    193  0.00s             1           0  0.06s           2026-04-09T14:37:18
================================================================================
[2026-04-09T14:38:18.493+0000] {manager.py:879} INFO - 
================================================================================
DAG File Processing Stats

File Path                                  PID  Runtime      # DAGs    # Errors  Last Runtime    Last Run
---------------------------------------  -----  ---------  --------  ----------  --------------  -------------------
/opt/airflow/dags/logs_ecommerce_dag.py    198  0.00s             1           0  0.06s           2026-04-09T14:37:48
================================================================================
[2026-04-09T14:38:48.699+0000] {manager.py:879} INFO - 
================================================================================
DAG File Processing Stats

File Path                                  PID  Runtime      # DAGs    # Errors  Last Runtime    Last Run
---------------------------------------  -----  ---------  --------  ----------  --------------  -------------------
/opt/airflow/dags/logs_ecommerce_dag.py    203  0.01s             1           0  0.06s           2026-04-09T14:38:18
================================================================================
[2026-04-09T14:39:18.864+0000] {manager.py:879} INFO - 
================================================================================
DAG File Processing Stats

File Path                                  PID  Runtime      # DAGs    # Errors  Last Runtime    Last Run
---------------------------------------  -----  ---------  --------  ----------  --------------  -------------------
/opt/airflow/dags/logs_ecommerce_dag.py    208  0.00s             1           0  0.07s           2026-04-09T14:38:48
================================================================================
[2026-04-09T14:39:47.038+0000] {manager.py:738} INFO - Searching for files in /opt/airflow/dags
[2026-04-09T14:39:47.041+0000] {manager.py:741} INFO - There are 1 files in /opt/airflow/dags
[2026-04-09T14:39:49.073+0000] {manager.py:879} INFO - 
================================================================================
DAG File Processing Stats

File Path                                  PID  Runtime      # DAGs    # Errors  Last Runtime    Last Run
---------------------------------------  -----  ---------  --------  ----------  --------------  -------------------
/opt/airflow/dags/logs_ecommerce_dag.py    213  0.01s             1           0  0.06s           2026-04-09T14:39:18
================================================================================
[2026-04-09T14:40:19.231+0000] {manager.py:879} INFO - 
================================================================================
DAG File Processing Stats

File Path                                  PID  Runtime      # DAGs    # Errors  Last Runtime    Last Run
---------------------------------------  -----  ---------  --------  ----------  --------------  -------------------
/opt/airflow/dags/logs_ecommerce_dag.py    218  0.01s             1           0  0.09s           2026-04-09T14:39:49
================================================================================
[2026-04-09T14:40:49.454+0000] {manager.py:879} INFO - 
================================================================================
DAG File Processing Stats

File Path                                  PID  Runtime      # DAGs    # Errors  Last Runtime    Last Run
---------------------------------------  -----  ---------  --------  ----------  --------------  -------------------
/opt/airflow/dags/logs_ecommerce_dag.py    223  0.01s             1           0  0.06s           2026-04-09T14:40:19
================================================================================
[2026-04-09T14:41:19.621+0000] {manager.py:879} INFO - 
================================================================================
DAG File Processing Stats

File Path                                  PID  Runtime      # DAGs    # Errors  Last Runtime    Last Run
---------------------------------------  -----  ---------  --------  ----------  --------------  -------------------
/opt/airflow/dags/logs_ecommerce_dag.py    228  0.01s             1           0  0.07s           2026-04-09T14:40:49
================================================================================
[2026-04-09T14:41:49.810+0000] {manager.py:879} INFO - 
================================================================================
DAG File Processing Stats

File Path                                  PID  Runtime      # DAGs    # Errors  Last Runtime    Last Run
---------------------------------------  -----  ---------  --------  ----------  --------------  -------------------
/opt/airflow/dags/logs_ecommerce_dag.py    233  0.01s             1           0  0.07s           2026-04-09T14:41:19
================================================================================
[2026-04-09T14:42:19.982+0000] {manager.py:879} INFO - 
================================================================================
DAG File Processing Stats

File Path                                  PID  Runtime      # DAGs    # Errors  Last Runtime    Last Run
---------------------------------------  -----  ---------  --------  ----------  --------------  -------------------
/opt/airflow/dags/logs_ecommerce_dag.py    238  0.01s             1           0  0.07s           2026-04-09T14:41:49
================================================================================
[2026-04-09T14:42:50.155+0000] {manager.py:879} INFO - 
================================================================================
DAG File Processing Stats

File Path                                  PID  Runtime      # DAGs    # Errors  Last Runtime    Last Run
---------------------------------------  -----  ---------  --------  ----------  --------------  -------------------
/opt/airflow/dags/logs_ecommerce_dag.py    243  0.00s             1           0  0.07s           2026-04-09T14:42:20
================================================================================
[2026-04-09T14:43:20.335+0000] {manager.py:879} INFO - 
================================================================================
DAG File Processing Stats

File Path                                  PID  Runtime      # DAGs    # Errors  Last Runtime    Last Run
---------------------------------------  -----  ---------  --------  ----------  --------------  -------------------
/opt/airflow/dags/logs_ecommerce_dag.py    248  0.00s             1           0  0.06s           2026-04-09T14:42:50
================================================================================
[2026-04-09T14:43:50.518+0000] {manager.py:879} INFO - 
================================================================================
DAG File Processing Stats

File Path                                  PID  Runtime      # DAGs    # Errors  Last Runtime    Last Run
---------------------------------------  -----  ---------  --------  ----------  --------------  -------------------
/opt/airflow/dags/logs_ecommerce_dag.py    253  0.00s             1           0  0.06s           2026-04-09T14:43:20
================================================================================
[2026-04-09T14:44:20.697+0000] {manager.py:879} INFO - 
================================================================================
DAG File Processing Stats

File Path                                  PID  Runtime      # DAGs    # Errors  Last Runtime    Last Run
---------------------------------------  -----  ---------  --------  ----------  --------------  -------------------
/opt/airflow/dags/logs_ecommerce_dag.py    258  0.00s             1           0  0.06s           2026-04-09T14:43:50
================================================================================
[2026-04-09T14:44:47.857+0000] {manager.py:738} INFO - Searching for files in /opt/airflow/dags
[2026-04-09T14:44:47.859+0000] {manager.py:741} INFO - There are 1 files in /opt/airflow/dags
[2026-04-09T14:44:50.901+0000] {manager.py:879} INFO - 
================================================================================
DAG File Processing Stats

File Path                                  PID  Runtime      # DAGs    # Errors  Last Runtime    Last Run
---------------------------------------  -----  ---------  --------  ----------  --------------  -------------------
/opt/airflow/dags/logs_ecommerce_dag.py    263  0.00s             1           0  0.07s           2026-04-09T14:44:20
================================================================================
[2026-04-09T14:45:21.064+0000] {manager.py:879} INFO - 
================================================================================
DAG File Processing Stats

File Path                                  PID  Runtime      # DAGs    # Errors  Last Runtime    Last Run
---------------------------------------  -----  ---------  --------  ----------  --------------  -------------------
/opt/airflow/dags/logs_ecommerce_dag.py    268  0.00s             1           0  0.06s           2026-04-09T14:44:50
================================================================================
[2026-04-09T14:45:51.269+0000] {manager.py:879} INFO - 
================================================================================
DAG File Processing Stats

File Path                                  PID  Runtime      # DAGs    # Errors  Last Runtime    Last Run
---------------------------------------  -----  ---------  --------  ----------  --------------  -------------------
/opt/airflow/dags/logs_ecommerce_dag.py    273  0.01s             1           0  0.06s           2026-04-09T14:45:21
================================================================================
[2026-04-09T14:46:21.450+0000] {manager.py:879} INFO - 
================================================================================
DAG File Processing Stats

File Path                                  PID  Runtime      # DAGs    # Errors  Last Runtime    Last Run
---------------------------------------  -----  ---------  --------  ----------  --------------  -------------------
/opt/airflow/dags/logs_ecommerce_dag.py    278  0.00s             1           0  0.06s           2026-04-09T14:45:51
================================================================================
[2026-04-09T14:46:51.639+0000] {manager.py:879} INFO - 
================================================================================
DAG File Processing Stats

File Path                                  PID  Runtime      # DAGs    # Errors  Last Runtime    Last Run
---------------------------------------  -----  ---------  --------  ----------  --------------  -------------------
/opt/airflow/dags/logs_ecommerce_dag.py    283  0.01s             1           0  0.06s           2026-04-09T14:46:21
================================================================================
[2026-04-09T14:47:21.802+0000] {manager.py:879} INFO - 
================================================================================
DAG File Processing Stats

File Path                                  PID  Runtime      # DAGs    # Errors  Last Runtime    Last Run
---------------------------------------  -----  ---------  --------  ----------  --------------  -------------------
/opt/airflow/dags/logs_ecommerce_dag.py    288  0.00s             1           0  0.06s           2026-04-09T14:46:51
================================================================================
[2026-04-09T14:47:51.998+0000] {manager.py:879} INFO - 
================================================================================
DAG File Processing Stats

File Path                                  PID  Runtime      # DAGs    # Errors  Last Runtime    Last Run
---------------------------------------  -----  ---------  --------  ----------  --------------  -------------------
/opt/airflow/dags/logs_ecommerce_dag.py    293  0.00s             1           0  0.06s           2026-04-09T14:47:21
================================================================================
[2026-04-09T14:48:22.162+0000] {manager.py:879} INFO - 
================================================================================
DAG File Processing Stats

File Path                                  PID  Runtime      # DAGs    # Errors  Last Runtime    Last Run
---------------------------------------  -----  ---------  --------  ----------  --------------  -------------------
/opt/airflow/dags/logs_ecommerce_dag.py    298  0.00s             1           0  0.06s           2026-04-09T14:47:52
================================================================================
[2026-04-09T14:48:52.344+0000] {manager.py:879} INFO - 
================================================================================
DAG File Processing Stats

File Path                                  PID  Runtime      # DAGs    # Errors  Last Runtime    Last Run
---------------------------------------  -----  ---------  --------  ----------  --------------  -------------------
/opt/airflow/dags/logs_ecommerce_dag.py    303  0.00s             1           0  0.06s           2026-04-09T14:48:22
================================================================================
[2026-04-09T14:49:22.518+0000] {manager.py:879} INFO - 
================================================================================
DAG File Processing Stats

File Path                                  PID  Runtime      # DAGs    # Errors  Last Runtime    Last Run
---------------------------------------  -----  ---------  --------  ----------  --------------  -------------------
/opt/airflow/dags/logs_ecommerce_dag.py    308  0.01s             1           0  0.06s           2026-04-09T14:48:52
================================================================================
[2026-04-09T14:49:48.685+0000] {manager.py:738} INFO - Searching for files in /opt/airflow/dags
[2026-04-09T14:49:48.687+0000] {manager.py:741} INFO - There are 1 files in /opt/airflow/dags
[2026-04-09T14:49:52.740+0000] {manager.py:879} INFO - 
================================================================================
DAG File Processing Stats

File Path                                  PID  Runtime      # DAGs    # Errors  Last Runtime    Last Run
---------------------------------------  -----  ---------  --------  ----------  --------------  -------------------
/opt/airflow/dags/logs_ecommerce_dag.py    313  0.01s             1           0  0.06s           2026-04-09T14:49:22
================================================================================
[2026-04-09T14:50:22.923+0000] {manager.py:879} INFO - 
================================================================================
DAG File Processing Stats

File Path                                  PID  Runtime      # DAGs    # Errors  Last Runtime    Last Run
---------------------------------------  -----  ---------  --------  ----------  --------------  -------------------
/opt/airflow/dags/logs_ecommerce_dag.py    318  0.01s             1           0  0.06s           2026-04-09T14:49:52
================================================================================
[2026-04-09T14:50:53.118+0000] {manager.py:879} INFO - 
================================================================================
DAG File Processing Stats

File Path                                  PID  Runtime      # DAGs    # Errors  Last Runtime    Last Run
---------------------------------------  -----  ---------  --------  ----------  --------------  -------------------
/opt/airflow/dags/logs_ecommerce_dag.py    323  0.01s             1           0  0.07s           2026-04-09T14:50:22
================================================================================
[2026-04-09T14:51:23.288+0000] {manager.py:879} INFO - 
================================================================================
DAG File Processing Stats

File Path                                  PID  Runtime      # DAGs    # Errors  Last Runtime    Last Run
---------------------------------------  -----  ---------  --------  ----------  --------------  -------------------
/opt/airflow/dags/logs_ecommerce_dag.py    328  0.00s             1           0  0.06s           2026-04-09T14:50:53
================================================================================
[2026-04-09T14:51:53.501+0000] {manager.py:879} INFO - 
================================================================================
DAG File Processing Stats

File Path                                  PID  Runtime      # DAGs    # Errors  Last Runtime    Last Run
---------------------------------------  -----  ---------  --------  ----------  --------------  -------------------
/opt/airflow/dags/logs_ecommerce_dag.py    333  0.01s             1           0  0.06s           2026-04-09T14:51:23
================================================================================
[2026-04-09T14:52:23.670+0000] {manager.py:879} INFO - 
================================================================================
DAG File Processing Stats

File Path                                  PID  Runtime      # DAGs    # Errors  Last Runtime    Last Run
---------------------------------------  -----  ---------  --------  ----------  --------------  -------------------
/opt/airflow/dags/logs_ecommerce_dag.py    338  0.00s             1           0  0.07s           2026-04-09T14:51:53
================================================================================
[2026-04-09T14:52:53.860+0000] {manager.py:879} INFO - 
================================================================================
DAG File Processing Stats

File Path                                  PID  Runtime      # DAGs    # Errors  Last Runtime    Last Run
---------------------------------------  -----  ---------  --------  ----------  --------------  -------------------
/opt/airflow/dags/logs_ecommerce_dag.py    343  0.01s             1           0  0.06s           2026-04-09T14:52:23
================================================================================
[2026-04-09T14:53:24.029+0000] {manager.py:879} INFO - 
================================================================================
DAG File Processing Stats

File Path                                  PID  Runtime      # DAGs    # Errors  Last Runtime    Last Run
---------------------------------------  -----  ---------  --------  ----------  --------------  -------------------
/opt/airflow/dags/logs_ecommerce_dag.py    348  0.00s             1           0  0.07s           2026-04-09T14:52:53
================================================================================
[2026-04-09T14:53:54.234+0000] {manager.py:879} INFO - 
================================================================================
DAG File Processing Stats

File Path                                  PID  Runtime      # DAGs    # Errors  Last Runtime    Last Run
---------------------------------------  -----  ---------  --------  ----------  --------------  -------------------
/opt/airflow/dags/logs_ecommerce_dag.py    353  0.01s             1           0  0.06s           2026-04-09T14:53:24
================================================================================
[2026-04-09T14:54:24.412+0000] {manager.py:879} INFO - 
================================================================================
DAG File Processing Stats

File Path                                  PID  Runtime      # DAGs    # Errors  Last Runtime    Last Run
---------------------------------------  -----  ---------  --------  ----------  --------------  -------------------
/opt/airflow/dags/logs_ecommerce_dag.py    358  0.00s             1           0  0.07s           2026-04-09T14:53:54
================================================================================
[2026-04-09T14:54:49.561+0000] {manager.py:738} INFO - Searching for files in /opt/airflow/dags
[2026-04-09T14:54:49.564+0000] {manager.py:741} INFO - There are 1 files in /opt/airflow/dags
[2026-04-09T14:54:54.612+0000] {manager.py:879} INFO - 
================================================================================
DAG File Processing Stats

File Path                                  PID  Runtime      # DAGs    # Errors  Last Runtime    Last Run
---------------------------------------  -----  ---------  --------  ----------  --------------  -------------------
/opt/airflow/dags/logs_ecommerce_dag.py    363  0.00s             1           0  0.06s           2026-04-09T14:54:24
================================================================================
[2026-04-09T14:55:24.775+0000] {manager.py:879} INFO - 
================================================================================
DAG File Processing Stats

File Path                                  PID  Runtime      # DAGs    # Errors  Last Runtime    Last Run
---------------------------------------  -----  ---------  --------  ----------  --------------  -------------------
/opt/airflow/dags/logs_ecommerce_dag.py    368  0.00s             1           0  0.06s           2026-04-09T14:54:54
================================================================================
[2026-04-09T14:55:54.974+0000] {manager.py:879} INFO - 
================================================================================
DAG File Processing Stats

File Path                                  PID  Runtime      # DAGs    # Errors  Last Runtime    Last Run
---------------------------------------  -----  ---------  --------  ----------  --------------  -------------------
/opt/airflow/dags/logs_ecommerce_dag.py    373  0.01s             1           0  0.06s           2026-04-09T14:55:24
================================================================================
[2026-04-09T14:56:25.159+0000] {manager.py:879} INFO - 
================================================================================
DAG File Processing Stats

File Path                                  PID  Runtime      # DAGs    # Errors  Last Runtime    Last Run
---------------------------------------  -----  ---------  --------  ----------  --------------  -------------------
/opt/airflow/dags/logs_ecommerce_dag.py    378  0.00s             1           0  0.06s           2026-04-09T14:55:55
================================================================================
[2026-04-09T14:56:55.324+0000] {manager.py:879} INFO - 
================================================================================
DAG File Processing Stats

File Path                                  PID  Runtime      # DAGs    # Errors  Last Runtime    Last Run
---------------------------------------  -----  ---------  --------  ----------  --------------  -------------------
/opt/airflow/dags/logs_ecommerce_dag.py    383  0.00s             1           0  0.06s           2026-04-09T14:56:25
================================================================================
[2026-04-09T14:57:25.504+0000] {manager.py:879} INFO - 
================================================================================
DAG File Processing Stats

File Path                                  PID  Runtime      # DAGs    # Errors  Last Runtime    Last Run
---------------------------------------  -----  ---------  --------  ----------  --------------  -------------------
/opt/airflow/dags/logs_ecommerce_dag.py    388  0.01s             1           0  0.06s           2026-04-09T14:56:55
================================================================================
[2026-04-09T14:57:55.683+0000] {manager.py:879} INFO - 
================================================================================
DAG File Processing Stats

File Path                                  PID  Runtime      # DAGs    # Errors  Last Runtime    Last Run
---------------------------------------  -----  ---------  --------  ----------  --------------  -------------------
/opt/airflow/dags/logs_ecommerce_dag.py    393  0.00s             1           0  0.06s           2026-04-09T14:57:25
================================================================================
[2026-04-09T14:58:25.850+0000] {manager.py:879} INFO - 
================================================================================
DAG File Processing Stats

File Path                                  PID  Runtime      # DAGs    # Errors  Last Runtime    Last Run
---------------------------------------  -----  ---------  --------  ----------  --------------  -------------------
/opt/airflow/dags/logs_ecommerce_dag.py    398  0.00s             1           0  0.06s           2026-04-09T14:57:55
================================================================================
[2026-04-09T14:58:56.042+0000] {manager.py:879} INFO - 
================================================================================
DAG File Processing Stats

File Path                                  PID  Runtime      # DAGs    # Errors  Last Runtime    Last Run
---------------------------------------  -----  ---------  --------  ----------  --------------  -------------------
/opt/airflow/dags/logs_ecommerce_dag.py    403  0.01s             1           0  0.06s           2026-04-09T14:58:25
================================================================================
[2026-04-09T14:59:26.214+0000] {manager.py:879} INFO - 
================================================================================
DAG File Processing Stats

File Path                                  PID  Runtime      # DAGs    # Errors  Last Runtime    Last Run
---------------------------------------  -----  ---------  --------  ----------  --------------  -------------------
/opt/airflow/dags/logs_ecommerce_dag.py    408  0.00s             1           0  0.06s           2026-04-09T14:58:56
================================================================================
[2026-04-09T14:59:50.356+0000] {manager.py:738} INFO - Searching for files in /opt/airflow/dags
[2026-04-09T14:59:50.357+0000] {manager.py:741} INFO - There are 1 files in /opt/airflow/dags
[2026-04-09T14:59:56.408+0000] {manager.py:879} INFO - 
================================================================================
DAG File Processing Stats

File Path                                  PID  Runtime      # DAGs    # Errors  Last Runtime    Last Run
---------------------------------------  -----  ---------  --------  ----------  --------------  -------------------
/opt/airflow/dags/logs_ecommerce_dag.py    413  0.01s             1           0  0.06s           2026-04-09T14:59:26
================================================================================
[2026-04-09T15:00:26.588+0000] {manager.py:879} INFO - 
================================================================================
DAG File Processing Stats

File Path                                  PID  Runtime      # DAGs    # Errors  Last Runtime    Last Run
---------------------------------------  -----  ---------  --------  ----------  --------------  -------------------
/opt/airflow/dags/logs_ecommerce_dag.py    418  0.01s             1           0  0.06s           2026-04-09T14:59:56
================================================================================
[2026-04-09T15:00:56.777+0000] {manager.py:879} INFO - 
================================================================================
DAG File Processing Stats

File Path                                  PID  Runtime      # DAGs    # Errors  Last Runtime    Last Run
---------------------------------------  -----  ---------  --------  ----------  --------------  -------------------
/opt/airflow/dags/logs_ecommerce_dag.py    423  0.01s             1           0  0.07s           2026-04-09T15:00:26
================================================================================
[2026-04-09T15:01:26.952+0000] {manager.py:879} INFO - 
================================================================================
DAG File Processing Stats

File Path                                  PID  Runtime      # DAGs    # Errors  Last Runtime    Last Run
---------------------------------------  -----  ---------  --------  ----------  --------------  -------------------
/opt/airflow/dags/logs_ecommerce_dag.py    428  0.00s             1           0  0.06s           2026-04-09T15:00:56
================================================================================
[2026-04-09T15:01:57.153+0000] {manager.py:879} INFO - 
================================================================================
DAG File Processing Stats

File Path                                  PID  Runtime      # DAGs    # Errors  Last Runtime    Last Run
---------------------------------------  -----  ---------  --------  ----------  --------------  -------------------
/opt/airflow/dags/logs_ecommerce_dag.py    433  0.01s             1           0  0.06s           2026-04-09T15:01:27
================================================================================
[2026-04-09T15:02:27.333+0000] {manager.py:879} INFO - 
================================================================================
DAG File Processing Stats

File Path                                  PID  Runtime      # DAGs    # Errors  Last Runtime    Last Run
---------------------------------------  -----  ---------  --------  ----------  --------------  -------------------
/opt/airflow/dags/logs_ecommerce_dag.py    438  0.01s             1           0  0.07s           2026-04-09T15:01:57
================================================================================
[2026-04-09T15:02:57.522+0000] {manager.py:879} INFO - 
================================================================================
DAG File Processing Stats

File Path                                  PID  Runtime      # DAGs    # Errors  Last Runtime    Last Run
---------------------------------------  -----  ---------  --------  ----------  --------------  -------------------
/opt/airflow/dags/logs_ecommerce_dag.py    443  0.01s             1           0  0.07s           2026-04-09T15:02:27
================================================================================
[2026-04-09T15:03:27.711+0000] {manager.py:879} INFO - 
================================================================================
DAG File Processing Stats

File Path                                  PID  Runtime      # DAGs    # Errors  Last Runtime    Last Run
---------------------------------------  -----  ---------  --------  ----------  --------------  -------------------
/opt/airflow/dags/logs_ecommerce_dag.py    448  0.01s             1           0  0.07s           2026-04-09T15:02:57
================================================================================
[2026-04-09T15:03:57.911+0000] {manager.py:879} INFO - 
================================================================================
DAG File Processing Stats

File Path                                  PID  Runtime      # DAGs    # Errors  Last Runtime    Last Run
---------------------------------------  -----  ---------  --------  ----------  --------------  -------------------
/opt/airflow/dags/logs_ecommerce_dag.py    453  0.01s             1           0  0.07s           2026-04-09T15:03:27
================================================================================
[2026-04-09T15:04:28.090+0000] {manager.py:879} INFO - 
================================================================================
DAG File Processing Stats

File Path                                  PID  Runtime      # DAGs    # Errors  Last Runtime    Last Run
---------------------------------------  -----  ---------  --------  ----------  --------------  -------------------
/opt/airflow/dags/logs_ecommerce_dag.py    458  0.00s             1           0  0.07s           2026-04-09T15:03:57
================================================================================
[2026-04-09T15:04:51.235+0000] {manager.py:738} INFO - Searching for files in /opt/airflow/dags
[2026-04-09T15:04:51.236+0000] {manager.py:741} INFO - There are 1 files in /opt/airflow/dags
[2026-04-09T15:04:58.301+0000] {manager.py:879} INFO - 
================================================================================
DAG File Processing Stats

File Path                                  PID  Runtime      # DAGs    # Errors  Last Runtime    Last Run
---------------------------------------  -----  ---------  --------  ----------  --------------  -------------------
/opt/airflow/dags/logs_ecommerce_dag.py    463  0.01s             1           0  0.06s           2026-04-09T15:04:28
================================================================================
[2026-04-09T15:05:28.482+0000] {manager.py:879} INFO - 
================================================================================
DAG File Processing Stats

File Path                                  PID  Runtime      # DAGs    # Errors  Last Runtime    Last Run
---------------------------------------  -----  ---------  --------  ----------  --------------  -------------------
/opt/airflow/dags/logs_ecommerce_dag.py    468  0.01s             1           0  0.07s           2026-04-09T15:04:58
================================================================================
[2026-04-09T15:05:58.678+0000] {manager.py:879} INFO - 
================================================================================
DAG File Processing Stats

File Path                                  PID  Runtime      # DAGs    # Errors  Last Runtime    Last Run
---------------------------------------  -----  ---------  --------  ----------  --------------  -------------------
/opt/airflow/dags/logs_ecommerce_dag.py    473  0.01s             1           0  0.07s           2026-04-09T15:05:28
================================================================================
[2026-04-09T15:06:28.851+0000] {manager.py:879} INFO - 
================================================================================
DAG File Processing Stats

File Path                                  PID  Runtime      # DAGs    # Errors  Last Runtime    Last Run
---------------------------------------  -----  ---------  --------  ----------  --------------  -------------------
/opt/airflow/dags/logs_ecommerce_dag.py    478  0.01s             1           0  0.07s           2026-04-09T15:05:58
================================================================================
[2026-04-09T15:06:59.043+0000] {manager.py:879} INFO - 
================================================================================
DAG File Processing Stats

File Path                                  PID  Runtime      # DAGs    # Errors  Last Runtime    Last Run
---------------------------------------  -----  ---------  --------  ----------  --------------  -------------------
/opt/airflow/dags/logs_ecommerce_dag.py    483  0.01s             1           0  0.07s           2026-04-09T15:06:28
================================================================================
[2026-04-09T15:07:29.215+0000] {manager.py:879} INFO - 
================================================================================
DAG File Processing Stats

File Path                                  PID  Runtime      # DAGs    # Errors  Last Runtime    Last Run
---------------------------------------  -----  ---------  --------  ----------  --------------  -------------------
/opt/airflow/dags/logs_ecommerce_dag.py    488  0.00s             1           0  0.06s           2026-04-09T15:06:59
================================================================================
[2026-04-09T15:07:59.401+0000] {manager.py:879} INFO - 
================================================================================
DAG File Processing Stats

File Path                                  PID  Runtime      # DAGs    # Errors  Last Runtime    Last Run
---------------------------------------  -----  ---------  --------  ----------  --------------  -------------------
/opt/airflow/dags/logs_ecommerce_dag.py    493  0.00s             1           0  0.06s           2026-04-09T15:07:29
================================================================================
[2026-04-09T15:08:29.563+0000] {manager.py:879} INFO - 
================================================================================
DAG File Processing Stats

File Path                                  PID  Runtime      # DAGs    # Errors  Last Runtime    Last Run
---------------------------------------  -----  ---------  --------  ----------  --------------  -------------------
/opt/airflow/dags/logs_ecommerce_dag.py    498  0.00s             1           0  0.06s           2026-04-09T15:07:59
================================================================================
[2026-04-09T15:08:59.746+0000] {manager.py:879} INFO - 
================================================================================
DAG File Processing Stats

File Path                                  PID  Runtime      # DAGs    # Errors  Last Runtime    Last Run
---------------------------------------  -----  ---------  --------  ----------  --------------  -------------------
/opt/airflow/dags/logs_ecommerce_dag.py    503  0.00s             1           0  0.06s           2026-04-09T15:08:29
================================================================================
[2026-04-09T15:09:29.918+0000] {manager.py:879} INFO - 
================================================================================
DAG File Processing Stats

File Path                                  PID  Runtime      # DAGs    # Errors  Last Runtime    Last Run
---------------------------------------  -----  ---------  --------  ----------  --------------  -------------------
/opt/airflow/dags/logs_ecommerce_dag.py    508  0.01s             1           0  0.06s           2026-04-09T15:08:59
================================================================================
[2026-04-09T15:09:52.063+0000] {manager.py:738} INFO - Searching for files in /opt/airflow/dags
[2026-04-09T15:09:52.065+0000] {manager.py:741} INFO - There are 1 files in /opt/airflow/dags
[2026-04-09T15:10:00.141+0000] {manager.py:879} INFO - 
================================================================================
DAG File Processing Stats

File Path                                  PID  Runtime      # DAGs    # Errors  Last Runtime    Last Run
---------------------------------------  -----  ---------  --------  ----------  --------------  -------------------
/opt/airflow/dags/logs_ecommerce_dag.py    513  0.01s             1           0  0.07s           2026-04-09T15:09:29
================================================================================
[2026-04-09T15:10:30.316+0000] {manager.py:879} INFO - 
================================================================================
DAG File Processing Stats

File Path                                  PID  Runtime      # DAGs    # Errors  Last Runtime    Last Run
---------------------------------------  -----  ---------  --------  ----------  --------------  -------------------
/opt/airflow/dags/logs_ecommerce_dag.py    518  0.01s             1           0  0.07s           2026-04-09T15:10:00
================================================================================
[2026-04-09T15:11:00.495+0000] {manager.py:879} INFO - 
================================================================================
DAG File Processing Stats

File Path                                  PID  Runtime      # DAGs    # Errors  Last Runtime    Last Run
---------------------------------------  -----  ---------  --------  ----------  --------------  -------------------
/opt/airflow/dags/logs_ecommerce_dag.py    523  0.00s             1           0  0.07s           2026-04-09T15:10:30
================================================================================
[2026-04-09T15:11:30.675+0000] {manager.py:879} INFO - 
================================================================================
DAG File Processing Stats

File Path                                  PID  Runtime      # DAGs    # Errors  Last Runtime    Last Run
---------------------------------------  -----  ---------  --------  ----------  --------------  -------------------
/opt/airflow/dags/logs_ecommerce_dag.py    528  0.00s             1           0  0.06s           2026-04-09T15:11:00
================================================================================
[2026-04-09T15:12:00.865+0000] {manager.py:879} INFO - 
================================================================================
DAG File Processing Stats

File Path                                  PID  Runtime      # DAGs    # Errors  Last Runtime    Last Run
---------------------------------------  -----  ---------  --------  ----------  --------------  -------------------
/opt/airflow/dags/logs_ecommerce_dag.py    533  0.00s             1           0  0.06s           2026-04-09T15:11:30
================================================================================
[2026-04-09T15:12:31.052+0000] {manager.py:879} INFO - 
================================================================================
DAG File Processing Stats

File Path                                  PID  Runtime      # DAGs    # Errors  Last Runtime    Last Run
---------------------------------------  -----  ---------  --------  ----------  --------------  -------------------
/opt/airflow/dags/logs_ecommerce_dag.py    538  0.00s             1           0  0.06s           2026-04-09T15:12:00
================================================================================
[2026-04-09T15:13:01.212+0000] {manager.py:879} INFO - 
================================================================================
DAG File Processing Stats

File Path                                  PID  Runtime      # DAGs    # Errors  Last Runtime    Last Run
---------------------------------------  -----  ---------  --------  ----------  --------------  -------------------
/opt/airflow/dags/logs_ecommerce_dag.py    543  0.00s             1           0  0.06s           2026-04-09T15:12:31
================================================================================
[2026-04-09T15:13:31.406+0000] {manager.py:879} INFO - 
================================================================================
DAG File Processing Stats

File Path                                  PID  Runtime      # DAGs    # Errors  Last Runtime    Last Run
---------------------------------------  -----  ---------  --------  ----------  --------------  -------------------
/opt/airflow/dags/logs_ecommerce_dag.py    548  0.00s             1           0  0.06s           2026-04-09T15:13:01
================================================================================
[2026-04-09T15:14:01.585+0000] {manager.py:879} INFO - 
================================================================================
DAG File Processing Stats

File Path                                  PID  Runtime      # DAGs    # Errors  Last Runtime    Last Run
---------------------------------------  -----  ---------  --------  ----------  --------------  -------------------
/opt/airflow/dags/logs_ecommerce_dag.py    553  0.01s             1           0  0.06s           2026-04-09T15:13:31
================================================================================
[2026-04-09T15:14:31.772+0000] {manager.py:879} INFO - 
================================================================================
DAG File Processing Stats

File Path                                  PID  Runtime      # DAGs    # Errors  Last Runtime    Last Run
---------------------------------------  -----  ---------  --------  ----------  --------------  -------------------
/opt/airflow/dags/logs_ecommerce_dag.py    558  0.01s             1           0  0.07s           2026-04-09T15:14:01
================================================================================
[2026-04-09T15:14:52.895+0000] {manager.py:738} INFO - Searching for files in /opt/airflow/dags
[2026-04-09T15:14:52.898+0000] {manager.py:741} INFO - There are 1 files in /opt/airflow/dags
[2026-04-09T15:15:01.969+0000] {manager.py:879} INFO - 
================================================================================
DAG File Processing Stats

File Path                                  PID  Runtime      # DAGs    # Errors  Last Runtime    Last Run
---------------------------------------  -----  ---------  --------  ----------  --------------  -------------------
/opt/airflow/dags/logs_ecommerce_dag.py    563  0.01s             1           0  0.07s           2026-04-09T15:14:31
================================================================================
[2026-04-09T15:15:32.148+0000] {manager.py:879} INFO - 
================================================================================
DAG File Processing Stats

File Path                                  PID  Runtime      # DAGs    # Errors  Last Runtime    Last Run
---------------------------------------  -----  ---------  --------  ----------  --------------  -------------------
/opt/airflow/dags/logs_ecommerce_dag.py    568  0.01s             1           0  0.06s           2026-04-09T15:15:02
================================================================================
[2026-04-09T15:16:02.331+0000] {manager.py:879} INFO - 
================================================================================
DAG File Processing Stats

File Path                                  PID  Runtime      # DAGs    # Errors  Last Runtime    Last Run
---------------------------------------  -----  ---------  --------  ----------  --------------  -------------------
/opt/airflow/dags/logs_ecommerce_dag.py    573  0.00s             1           0  0.06s           2026-04-09T15:15:32
================================================================================
[2026-04-09T15:16:32.516+0000] {manager.py:879} INFO - 
================================================================================
DAG File Processing Stats

File Path                                  PID  Runtime      # DAGs    # Errors  Last Runtime    Last Run
---------------------------------------  -----  ---------  --------  ----------  --------------  -------------------
/opt/airflow/dags/logs_ecommerce_dag.py    578  0.00s             1           0  0.06s           2026-04-09T15:16:02
================================================================================
[2026-04-09T15:17:02.695+0000] {manager.py:879} INFO - 
================================================================================
DAG File Processing Stats

File Path                                  PID  Runtime      # DAGs    # Errors  Last Runtime    Last Run
---------------------------------------  -----  ---------  --------  ----------  --------------  -------------------
/opt/airflow/dags/logs_ecommerce_dag.py    583  0.00s             1           0  0.06s           2026-04-09T15:16:32
================================================================================
[2026-04-09T15:17:32.870+0000] {manager.py:879} INFO - 
================================================================================
DAG File Processing Stats

File Path                                  PID  Runtime      # DAGs    # Errors  Last Runtime    Last Run
---------------------------------------  -----  ---------  --------  ----------  --------------  -------------------
/opt/airflow/dags/logs_ecommerce_dag.py    588  0.00s             1           0  0.07s           2026-04-09T15:17:02
================================================================================
[2026-04-09T15:18:03.074+0000] {manager.py:879} INFO - 
================================================================================
DAG File Processing Stats

File Path                                  PID  Runtime      # DAGs    # Errors  Last Runtime    Last Run
---------------------------------------  -----  ---------  --------  ----------  --------------  -------------------
/opt/airflow/dags/logs_ecommerce_dag.py    593  0.01s             1           0  0.06s           2026-04-09T15:17:32
================================================================================
[2026-04-09T15:18:33.254+0000] {manager.py:879} INFO - 
================================================================================
DAG File Processing Stats

File Path                                  PID  Runtime      # DAGs    # Errors  Last Runtime    Last Run
---------------------------------------  -----  ---------  --------  ----------  --------------  -------------------
/opt/airflow/dags/logs_ecommerce_dag.py    598  0.00s             1           0  0.07s           2026-04-09T15:18:03
================================================================================
[2026-04-09T15:19:03.450+0000] {manager.py:879} INFO - 
================================================================================
DAG File Processing Stats

File Path                                  PID  Runtime      # DAGs    # Errors  Last Runtime    Last Run
---------------------------------------  -----  ---------  --------  ----------  --------------  -------------------
/opt/airflow/dags/logs_ecommerce_dag.py    603  0.00s             1           0  0.06s           2026-04-09T15:18:33
================================================================================
[2026-04-09T15:19:33.632+0000] {manager.py:879} INFO - 
================================================================================
DAG File Processing Stats

File Path                                  PID  Runtime      # DAGs    # Errors  Last Runtime    Last Run
---------------------------------------  -----  ---------  --------  ----------  --------------  -------------------
/opt/airflow/dags/logs_ecommerce_dag.py    608  0.01s             1           0  0.06s           2026-04-09T15:19:03
================================================================================
[2026-04-09T15:19:53.754+0000] {manager.py:738} INFO - Searching for files in /opt/airflow/dags
[2026-04-09T15:19:53.756+0000] {manager.py:741} INFO - There are 1 files in /opt/airflow/dags
[2026-04-09T15:20:03.827+0000] {manager.py:879} INFO - 
================================================================================
DAG File Processing Stats

File Path                                  PID  Runtime      # DAGs    # Errors  Last Runtime    Last Run
---------------------------------------  -----  ---------  --------  ----------  --------------  -------------------
/opt/airflow/dags/logs_ecommerce_dag.py    613  0.00s             1           0  0.07s           2026-04-09T15:19:33
================================================================================
[2026-04-09T15:20:34.011+0000] {manager.py:879} INFO - 
================================================================================
DAG File Processing Stats

File Path                                  PID  Runtime      # DAGs    # Errors  Last Runtime    Last Run
---------------------------------------  -----  ---------  --------  ----------  --------------  -------------------
/opt/airflow/dags/logs_ecommerce_dag.py    618  0.01s             1           0  0.06s           2026-04-09T15:20:03
================================================================================
[2026-04-09T15:21:04.189+0000] {manager.py:879} INFO - 
================================================================================
DAG File Processing Stats

File Path                                  PID  Runtime      # DAGs    # Errors  Last Runtime    Last Run
---------------------------------------  -----  ---------  --------  ----------  --------------  -------------------
/opt/airflow/dags/logs_ecommerce_dag.py    623  0.01s             1           0  0.07s           2026-04-09T15:20:34
================================================================================
[2026-04-09T15:21:34.373+0000] {manager.py:879} INFO - 
================================================================================
DAG File Processing Stats

File Path                                  PID  Runtime      # DAGs    # Errors  Last Runtime    Last Run
---------------------------------------  -----  ---------  --------  ----------  --------------  -------------------
/opt/airflow/dags/logs_ecommerce_dag.py    628  0.01s             1           0  0.07s           2026-04-09T15:21:04
================================================================================
[2026-04-09T15:22:04.567+0000] {manager.py:879} INFO - 
================================================================================
DAG File Processing Stats

File Path                                  PID  Runtime      # DAGs    # Errors  Last Runtime    Last Run
---------------------------------------  -----  ---------  --------  ----------  --------------  -------------------
/opt/airflow/dags/logs_ecommerce_dag.py    633  0.01s             1           0  0.07s           2026-04-09T15:21:34
================================================================================
[2026-04-09T15:22:34.741+0000] {manager.py:879} INFO - 
================================================================================
DAG File Processing Stats

File Path                                  PID  Runtime      # DAGs    # Errors  Last Runtime    Last Run
---------------------------------------  -----  ---------  --------  ----------  --------------  -------------------
/opt/airflow/dags/logs_ecommerce_dag.py    638  0.00s             1           0  0.06s           2026-04-09T15:22:04
================================================================================
[2026-04-09T15:23:04.933+0000] {manager.py:879} INFO - 
================================================================================
DAG File Processing Stats

File Path                                  PID  Runtime      # DAGs    # Errors  Last Runtime    Last Run
---------------------------------------  -----  ---------  --------  ----------  --------------  -------------------
/opt/airflow/dags/logs_ecommerce_dag.py    643  0.01s             1           0  0.07s           2026-04-09T15:22:34
================================================================================
[2026-04-09T15:23:35.127+0000] {manager.py:879} INFO - 
================================================================================
DAG File Processing Stats

File Path                                  PID  Runtime      # DAGs    # Errors  Last Runtime    Last Run
---------------------------------------  -----  ---------  --------  ----------  --------------  -------------------
/opt/airflow/dags/logs_ecommerce_dag.py    648  0.01s             1           0  0.07s           2026-04-09T15:23:04
================================================================================
[2026-04-09T15:24:05.310+0000] {manager.py:879} INFO - 
================================================================================
DAG File Processing Stats

File Path                                  PID  Runtime      # DAGs    # Errors  Last Runtime    Last Run
---------------------------------------  -----  ---------  --------  ----------  --------------  -------------------
/opt/airflow/dags/logs_ecommerce_dag.py    653  0.01s             1           0  0.07s           2026-04-09T15:23:35
================================================================================
[2026-04-09T15:24:35.499+0000] {manager.py:879} INFO - 
================================================================================
DAG File Processing Stats

File Path                                  PID  Runtime      # DAGs    # Errors  Last Runtime    Last Run
---------------------------------------  -----  ---------  --------  ----------  --------------  -------------------
/opt/airflow/dags/logs_ecommerce_dag.py    658  0.01s             1           0  0.07s           2026-04-09T15:24:05
================================================================================
[2026-04-09T15:24:54.625+0000] {manager.py:738} INFO - Searching for files in /opt/airflow/dags
[2026-04-09T15:24:54.627+0000] {manager.py:741} INFO - There are 1 files in /opt/airflow/dags
[2026-04-09T15:25:05.700+0000] {manager.py:879} INFO - 
================================================================================
DAG File Processing Stats

File Path                                  PID  Runtime      # DAGs    # Errors  Last Runtime    Last Run
---------------------------------------  -----  ---------  --------  ----------  --------------  -------------------
/opt/airflow/dags/logs_ecommerce_dag.py    663  0.01s             1           0  0.07s           2026-04-09T15:24:35
================================================================================
[2026-04-09T15:25:35.878+0000] {manager.py:879} INFO - 
================================================================================
DAG File Processing Stats

File Path                                  PID  Runtime      # DAGs    # Errors  Last Runtime    Last Run
---------------------------------------  -----  ---------  --------  ----------  --------------  -------------------
/opt/airflow/dags/logs_ecommerce_dag.py    668  0.01s             1           0  0.06s           2026-04-09T15:25:05
================================================================================
[2026-04-09T15:26:06.077+0000] {manager.py:879} INFO - 
================================================================================
DAG File Processing Stats

File Path                                  PID  Runtime      # DAGs    # Errors  Last Runtime    Last Run
---------------------------------------  -----  ---------  --------  ----------  --------------  -------------------
/opt/airflow/dags/logs_ecommerce_dag.py    673  0.01s             1           0  0.06s           2026-04-09T15:25:35
================================================================================
[2026-04-09T15:26:36.256+0000] {manager.py:879} INFO - 
================================================================================
DAG File Processing Stats

File Path                                  PID  Runtime      # DAGs    # Errors  Last Runtime    Last Run
---------------------------------------  -----  ---------  --------  ----------  --------------  -------------------
/opt/airflow/dags/logs_ecommerce_dag.py    678  0.01s             1           0  0.06s           2026-04-09T15:26:06
================================================================================
[2026-04-09T15:27:06.452+0000] {manager.py:879} INFO - 
================================================================================
DAG File Processing Stats

File Path                                  PID  Runtime      # DAGs    # Errors  Last Runtime    Last Run
---------------------------------------  -----  ---------  --------  ----------  --------------  -------------------
/opt/airflow/dags/logs_ecommerce_dag.py    683  0.01s             1           0  0.07s           2026-04-09T15:26:36
================================================================================
[2026-04-09T15:27:36.643+0000] {manager.py:879} INFO - 
================================================================================
DAG File Processing Stats

File Path                                  PID  Runtime      # DAGs    # Errors  Last Runtime    Last Run
---------------------------------------  -----  ---------  --------  ----------  --------------  -------------------
/opt/airflow/dags/logs_ecommerce_dag.py    688  0.01s             1           0  0.06s           2026-04-09T15:27:06
================================================================================
[2026-04-09T15:28:06.833+0000] {manager.py:879} INFO - 
================================================================================
DAG File Processing Stats

File Path                                  PID  Runtime      # DAGs    # Errors  Last Runtime    Last Run
---------------------------------------  -----  ---------  --------  ----------  --------------  -------------------
/opt/airflow/dags/logs_ecommerce_dag.py    693  0.01s             1           0  0.07s           2026-04-09T15:27:36
================================================================================
[2026-04-09T15:28:37.018+0000] {manager.py:879} INFO - 
================================================================================
DAG File Processing Stats

File Path                                  PID  Runtime      # DAGs    # Errors  Last Runtime    Last Run
---------------------------------------  -----  ---------  --------  ----------  --------------  -------------------
/opt/airflow/dags/logs_ecommerce_dag.py    698  0.01s             1           0  0.06s           2026-04-09T15:28:06
================================================================================
[2026-04-09T15:29:07.206+0000] {manager.py:879} INFO - 
================================================================================
DAG File Processing Stats

File Path                                  PID  Runtime      # DAGs    # Errors  Last Runtime    Last Run
---------------------------------------  -----  ---------  --------  ----------  --------------  -------------------
/opt/airflow/dags/logs_ecommerce_dag.py    703  0.01s             1           0  0.07s           2026-04-09T15:28:37
================================================================================
[2026-04-09T15:29:37.390+0000] {manager.py:879} INFO - 
================================================================================
DAG File Processing Stats

File Path                                  PID  Runtime      # DAGs    # Errors  Last Runtime    Last Run
---------------------------------------  -----  ---------  --------  ----------  --------------  -------------------
/opt/airflow/dags/logs_ecommerce_dag.py    708  0.01s             1           0  0.06s           2026-04-09T15:29:07
================================================================================
[2026-04-09T15:29:55.492+0000] {manager.py:738} INFO - Searching for files in /opt/airflow/dags
[2026-04-09T15:29:55.493+0000] {manager.py:741} INFO - There are 1 files in /opt/airflow/dags
[2026-04-09T15:30:07.588+0000] {manager.py:879} INFO - 
================================================================================
DAG File Processing Stats

File Path                                  PID  Runtime      # DAGs    # Errors  Last Runtime    Last Run
---------------------------------------  -----  ---------  --------  ----------  --------------  -------------------
/opt/airflow/dags/logs_ecommerce_dag.py    713  0.01s             1           0  0.07s           2026-04-09T15:29:37
================================================================================
[2026-04-09T15:30:37.758+0000] {manager.py:879} INFO - 
================================================================================
DAG File Processing Stats

File Path                                  PID  Runtime      # DAGs    # Errors  Last Runtime    Last Run
---------------------------------------  -----  ---------  --------  ----------  --------------  -------------------
/opt/airflow/dags/logs_ecommerce_dag.py    718  0.01s             1           0  0.07s           2026-04-09T15:30:07
================================================================================
[2026-04-09T15:31:07.945+0000] {manager.py:879} INFO - 
================================================================================
DAG File Processing Stats

File Path                                  PID  Runtime      # DAGs    # Errors  Last Runtime    Last Run
---------------------------------------  -----  ---------  --------  ----------  --------------  -------------------
/opt/airflow/dags/logs_ecommerce_dag.py    723  0.01s             1           0  0.07s           2026-04-09T15:30:37
================================================================================
[2026-04-09T15:31:38.128+0000] {manager.py:879} INFO - 
================================================================================
DAG File Processing Stats

File Path                                  PID  Runtime      # DAGs    # Errors  Last Runtime    Last Run
---------------------------------------  -----  ---------  --------  ----------  --------------  -------------------
/opt/airflow/dags/logs_ecommerce_dag.py    728  0.01s             1           0  0.06s           2026-04-09T15:31:07
================================================================================
[2026-04-09T15:32:08.309+0000] {manager.py:879} INFO - 
================================================================================
DAG File Processing Stats

File Path                                  PID  Runtime      # DAGs    # Errors  Last Runtime    Last Run
---------------------------------------  -----  ---------  --------  ----------  --------------  -------------------
/opt/airflow/dags/logs_ecommerce_dag.py    733  0.01s             1           0  0.06s           2026-04-09T15:31:38
================================================================================
[2026-04-09T15:32:38.506+0000] {manager.py:879} INFO - 
================================================================================
DAG File Processing Stats

File Path                                  PID  Runtime      # DAGs    # Errors  Last Runtime    Last Run
---------------------------------------  -----  ---------  --------  ----------  --------------  -------------------
/opt/airflow/dags/logs_ecommerce_dag.py    738  0.00s             1           0  0.07s           2026-04-09T15:32:08
================================================================================
[2026-04-09T15:33:08.689+0000] {manager.py:879} INFO - 
================================================================================
DAG File Processing Stats

File Path                                  PID  Runtime      # DAGs    # Errors  Last Runtime    Last Run
---------------------------------------  -----  ---------  --------  ----------  --------------  -------------------
/opt/airflow/dags/logs_ecommerce_dag.py    743  0.00s             1           0  0.06s           2026-04-09T15:32:38
================================================================================
[2026-04-09T15:33:38.877+0000] {manager.py:879} INFO - 
================================================================================
DAG File Processing Stats

File Path                                  PID  Runtime      # DAGs    # Errors  Last Runtime    Last Run
---------------------------------------  -----  ---------  --------  ----------  --------------  -------------------
/opt/airflow/dags/logs_ecommerce_dag.py    748  0.00s             1           0  0.06s           2026-04-09T15:33:08
================================================================================
[2026-04-09T15:34:09.065+0000] {manager.py:879} INFO - 
================================================================================
DAG File Processing Stats

File Path                                  PID  Runtime      # DAGs    # Errors  Last Runtime    Last Run
---------------------------------------  -----  ---------  --------  ----------  --------------  -------------------
/opt/airflow/dags/logs_ecommerce_dag.py    753  0.01s             1           0  0.06s           2026-04-09T15:33:38
================================================================================
[2026-04-09T15:34:39.249+0000] {manager.py:879} INFO - 
================================================================================
DAG File Processing Stats

File Path                                  PID  Runtime      # DAGs    # Errors  Last Runtime    Last Run
---------------------------------------  -----  ---------  --------  ----------  --------------  -------------------
/opt/airflow/dags/logs_ecommerce_dag.py    758  0.01s             1           0  0.06s           2026-04-09T15:34:09
================================================================================
[2026-04-09T15:34:56.356+0000] {manager.py:738} INFO - Searching for files in /opt/airflow/dags
[2026-04-09T15:34:56.359+0000] {manager.py:741} INFO - There are 1 files in /opt/airflow/dags
[2026-04-09T15:35:09.462+0000] {manager.py:879} INFO - 
================================================================================
DAG File Processing Stats

File Path                                  PID  Runtime      # DAGs    # Errors  Last Runtime    Last Run
---------------------------------------  -----  ---------  --------  ----------  --------------  -------------------
/opt/airflow/dags/logs_ecommerce_dag.py    763  0.00s             1           0  0.07s           2026-04-09T15:34:39
================================================================================
[2026-04-09T15:35:39.650+0000] {manager.py:879} INFO - 
================================================================================
DAG File Processing Stats

File Path                                  PID  Runtime      # DAGs    # Errors  Last Runtime    Last Run
---------------------------------------  -----  ---------  --------  ----------  --------------  -------------------
/opt/airflow/dags/logs_ecommerce_dag.py    768  0.01s             1           0  0.06s           2026-04-09T15:35:09
================================================================================
[2026-04-09T15:36:09.824+0000] {manager.py:879} INFO - 
================================================================================
DAG File Processing Stats

File Path                                  PID  Runtime      # DAGs    # Errors  Last Runtime    Last Run
---------------------------------------  -----  ---------  --------  ----------  --------------  -------------------
/opt/airflow/dags/logs_ecommerce_dag.py    773  0.01s             1           0  0.08s           2026-04-09T15:35:39
================================================================================
[2026-04-09T15:36:40.014+0000] {manager.py:879} INFO - 
================================================================================
DAG File Processing Stats

File Path                                  PID  Runtime      # DAGs    # Errors  Last Runtime    Last Run
---------------------------------------  -----  ---------  --------  ----------  --------------  -------------------
/opt/airflow/dags/logs_ecommerce_dag.py    778  0.01s             1           0  0.06s           2026-04-09T15:36:09
================================================================================
[2026-04-09T15:37:10.199+0000] {manager.py:879} INFO - 
================================================================================
DAG File Processing Stats

File Path                                  PID  Runtime      # DAGs    # Errors  Last Runtime    Last Run
---------------------------------------  -----  ---------  --------  ----------  --------------  -------------------
/opt/airflow/dags/logs_ecommerce_dag.py    783  0.01s             1           0  0.06s           2026-04-09T15:36:40
================================================================================
[2026-04-09T15:37:40.379+0000] {manager.py:879} INFO - 
================================================================================
DAG File Processing Stats

File Path                                  PID  Runtime      # DAGs    # Errors  Last Runtime    Last Run
---------------------------------------  -----  ---------  --------  ----------  --------------  -------------------
/opt/airflow/dags/logs_ecommerce_dag.py    788  0.01s             1           0  0.06s           2026-04-09T15:37:10
================================================================================
[2026-04-09T15:38:10.575+0000] {manager.py:879} INFO - 
================================================================================
DAG File Processing Stats

File Path                                  PID  Runtime      # DAGs    # Errors  Last Runtime    Last Run
---------------------------------------  -----  ---------  --------  ----------  --------------  -------------------
/opt/airflow/dags/logs_ecommerce_dag.py    793  0.00s             1           0  0.07s           2026-04-09T15:37:40
================================================================================
[2026-04-09T15:38:40.751+0000] {manager.py:879} INFO - 
================================================================================
DAG File Processing Stats

File Path                                  PID  Runtime      # DAGs    # Errors  Last Runtime    Last Run
---------------------------------------  -----  ---------  --------  ----------  --------------  -------------------
/opt/airflow/dags/logs_ecommerce_dag.py    798  0.00s             1           0  0.06s           2026-04-09T15:38:10
================================================================================
[2026-04-09T15:39:10.934+0000] {manager.py:879} INFO - 
================================================================================
DAG File Processing Stats

File Path                                  PID  Runtime      # DAGs    # Errors  Last Runtime    Last Run
---------------------------------------  -----  ---------  --------  ----------  --------------  -------------------
/opt/airflow/dags/logs_ecommerce_dag.py    803  0.01s             1           0  0.06s           2026-04-09T15:38:40
================================================================================
[2026-04-09T15:39:41.117+0000] {manager.py:879} INFO - 
================================================================================
DAG File Processing Stats

File Path                                  PID  Runtime      # DAGs    # Errors  Last Runtime    Last Run
---------------------------------------  -----  ---------  --------  ----------  --------------  -------------------
/opt/airflow/dags/logs_ecommerce_dag.py    808  0.00s             1           0  0.06s           2026-04-09T15:39:10
================================================================================
[2026-04-09T15:39:57.212+0000] {manager.py:738} INFO - Searching for files in /opt/airflow/dags
[2026-04-09T15:39:57.214+0000] {manager.py:741} INFO - There are 1 files in /opt/airflow/dags
[2026-04-09T15:40:11.318+0000] {manager.py:879} INFO - 
================================================================================
DAG File Processing Stats

File Path                                  PID  Runtime      # DAGs    # Errors  Last Runtime    Last Run
---------------------------------------  -----  ---------  --------  ----------  --------------  -------------------
/opt/airflow/dags/logs_ecommerce_dag.py    813  0.01s             1           0  0.06s           2026-04-09T15:39:41
================================================================================
[2026-04-09T15:40:41.492+0000] {manager.py:879} INFO - 
================================================================================
DAG File Processing Stats

File Path                                  PID  Runtime      # DAGs    # Errors  Last Runtime    Last Run
---------------------------------------  -----  ---------  --------  ----------  --------------  -------------------
/opt/airflow/dags/logs_ecommerce_dag.py    818  0.01s             1           0  0.07s           2026-04-09T15:40:11
================================================================================
[2026-04-09T15:41:11.682+0000] {manager.py:879} INFO - 
================================================================================
DAG File Processing Stats

File Path                                  PID  Runtime      # DAGs    # Errors  Last Runtime    Last Run
---------------------------------------  -----  ---------  --------  ----------  --------------  -------------------
/opt/airflow/dags/logs_ecommerce_dag.py    823  0.00s             1           0  0.07s           2026-04-09T15:40:41
================================================================================
[2026-04-09T15:41:41.860+0000] {manager.py:879} INFO - 
================================================================================
DAG File Processing Stats

File Path                                  PID  Runtime      # DAGs    # Errors  Last Runtime    Last Run
---------------------------------------  -----  ---------  --------  ----------  --------------  -------------------
/opt/airflow/dags/logs_ecommerce_dag.py    828  0.01s             1           0  0.06s           2026-04-09T15:41:11
================================================================================
[2026-04-09T15:41:44.601+0000] {manager.py:451} INFO - Exiting gracefully upon receiving signal 15
